1496486318765	geckodriver	INFO	Listening on 127.0.0.1:38203
1496487246647	geckodriver	INFO	Listening on 127.0.0.1:43631
1496487939202	geckodriver	INFO	Listening on 127.0.0.1:47985
1496490655321	geckodriver	INFO	Listening on 127.0.0.1:38127
1496490656387	geckodriver::marionette	INFO	Starting browser /usr/lib/firefox/firefox.sh with args ["-marionette"]
Error: GDK_BACKEND does not match available displays
1496496189254	geckodriver	INFO	Listening on 127.0.0.1:38280
1496496190319	geckodriver::marionette	INFO	Starting browser /usr/lib/firefox/firefox.sh with args ["-marionette"]
Error: GDK_BACKEND does not match available displays
1496496293937	geckodriver	INFO	Listening on 127.0.0.1:54733
1496496294995	geckodriver::marionette	INFO	Starting browser /usr/lib/firefox/firefox.sh with args ["-marionette"]
Error: GDK_BACKEND does not match available displays
1496496552390	geckodriver	INFO	Listening on 127.0.0.1:45988
1496496553443	geckodriver::marionette	INFO	Starting browser /usr/lib/firefox/firefox.sh with args ["-marionette"]
Error: GDK_BACKEND does not match available displays
1496497191543	geckodriver	INFO	Listening on 127.0.0.1:37593
1496497192602	geckodriver::marionette	INFO	Starting browser /usr/lib/firefox/firefox.sh with args ["-marionette"]

(firefox:2325): GLib-GObject-CRITICAL **: g_object_ref: assertion 'object->ref_count > 0' failed

(firefox:2325): GLib-GObject-CRITICAL **: g_object_unref: assertion 'object->ref_count > 0' failed

(firefox:2325): GLib-GObject-CRITICAL **: g_object_ref: assertion 'object->ref_count > 0' failed

(firefox:2325): GLib-GObject-CRITICAL **: g_object_unref: assertion 'object->ref_count > 0' failed
1496497196228	Marionette	INFO	Listening on port 59634
1496497196337	Marionette	WARN	TLS certificate errors will be ignored for this session

(/usr/lib/firefox/firefox:2378): GLib-GObject-CRITICAL **: g_object_ref: assertion 'object->ref_count > 0' failed

(/usr/lib/firefox/firefox:2378): GLib-GObject-CRITICAL **: g_object_unref: assertion 'object->ref_count > 0' failed

(/usr/lib/firefox/firefox:2378): GLib-GObject-CRITICAL **: g_object_ref: assertion 'object->ref_count > 0' failed

(/usr/lib/firefox/firefox:2378): GLib-GObject-CRITICAL **: g_object_unref: assertion 'object->ref_count > 0' failed
1496553527869	geckodriver	INFO	Listening on 127.0.0.1:39162
1496553528935	geckodriver::marionette	INFO	Starting browser /usr/lib/firefox/firefox.sh with args ["-marionette"]

(firefox:1525): GLib-GObject-CRITICAL **: g_object_ref: assertion 'object->ref_count > 0' failed

(firefox:1525): GLib-GObject-CRITICAL **: g_object_unref: assertion 'object->ref_count > 0' failed

(firefox:1525): GLib-GObject-CRITICAL **: g_object_ref: assertion 'object->ref_count > 0' failed

(firefox:1525): GLib-GObject-CRITICAL **: g_object_unref: assertion 'object->ref_count > 0' failed
1496553532520	Marionette	INFO	Listening on port 33842
1496553532699	Marionette	WARN	TLS certificate errors will be ignored for this session

(/usr/lib/firefox/firefox:1577): GLib-GObject-CRITICAL **: g_object_ref: assertion 'object->ref_count > 0' failed

(/usr/lib/firefox/firefox:1577): GLib-GObject-CRITICAL **: g_object_unref: assertion 'object->ref_count > 0' failed

(/usr/lib/firefox/firefox:1577): GLib-GObject-CRITICAL **: g_object_ref: assertion 'object->ref_count > 0' failed

(/usr/lib/firefox/firefox:1577): GLib-GObject-CRITICAL **: g_object_unref: assertion 'object->ref_count > 0' failed
1496553656257	geckodriver	INFO	Listening on 127.0.0.1:50370
1496553657336	geckodriver::marionette	INFO	Starting browser /usr/lib/firefox/firefox.sh with args ["-marionette"]

(firefox:1626): GLib-GObject-CRITICAL **: g_object_ref: assertion 'object->ref_count > 0' failed

(firefox:1626): GLib-GObject-CRITICAL **: g_object_unref: assertion 'object->ref_count > 0' failed

(firefox:1626): GLib-GObject-CRITICAL **: g_object_ref: assertion 'object->ref_count > 0' failed

(firefox:1626): GLib-GObject-CRITICAL **: g_object_unref: assertion 'object->ref_count > 0' failed
1496553661404	Marionette	INFO	Listening on port 39540
1496553661669	Marionette	WARN	TLS certificate errors will be ignored for this session

(/usr/lib/firefox/firefox:1677): GLib-GObject-CRITICAL **: g_object_ref: assertion 'object->ref_count > 0' failed

(/usr/lib/firefox/firefox:1677): GLib-GObject-CRITICAL **: g_object_unref: assertion 'object->ref_count > 0' failed

(/usr/lib/firefox/firefox:1677): GLib-GObject-CRITICAL **: g_object_ref: assertion 'object->ref_count > 0' failed

(/usr/lib/firefox/firefox:1677): GLib-GObject-CRITICAL **: g_object_unref: assertion 'object->ref_count > 0' failed
*************************
A coding exception was thrown and uncaught in a Task.

Full message: TypeError: NetworkError when attempting to fetch resource.
Full stack: 
*************************
*************************
A coding exception was thrown and uncaught in a Task.

Full message: TypeError: NetworkError when attempting to fetch resource.
Full stack: 
*************************
1496554619994	geckodriver	INFO	Listening on 127.0.0.1:44918
1496554621067	geckodriver::marionette	INFO	Starting browser /usr/lib/firefox/firefox.sh with args ["-marionette"]

(firefox:1751): GLib-GObject-CRITICAL **: g_object_ref: assertion 'object->ref_count > 0' failed

(firefox:1751): GLib-GObject-CRITICAL **: g_object_unref: assertion 'object->ref_count > 0' failed

(firefox:1751): GLib-GObject-CRITICAL **: g_object_ref: assertion 'object->ref_count > 0' failed

(firefox:1751): GLib-GObject-CRITICAL **: g_object_unref: assertion 'object->ref_count > 0' failed
1496554629151	Marionette	INFO	Listening on port 59989
1496554629396	Marionette	WARN	TLS certificate errors will be ignored for this session

(/usr/lib/firefox/firefox:1801): GLib-GObject-CRITICAL **: g_object_ref: assertion 'object->ref_count > 0' failed

(/usr/lib/firefox/firefox:1801): GLib-GObject-CRITICAL **: g_object_unref: assertion 'object->ref_count > 0' failed

(/usr/lib/firefox/firefox:1801): GLib-GObject-CRITICAL **: g_object_ref: assertion 'object->ref_count > 0' failed

(/usr/lib/firefox/firefox:1801): GLib-GObject-CRITICAL **: g_object_unref: assertion 'object->ref_count > 0' failed
*************************
A coding exception was thrown and uncaught in a Task.

Full message: TypeError: NetworkError when attempting to fetch resource.
Full stack: 
*************************
1496567587700	geckodriver	INFO	Listening on 127.0.0.1:52771
1496567588844	geckodriver::marionette	INFO	Starting browser /usr/lib/firefox/firefox.sh with args ["-marionette"]

(firefox:1951): GLib-GObject-CRITICAL **: g_object_ref: assertion 'object->ref_count > 0' failed

(firefox:1951): GLib-GObject-CRITICAL **: g_object_unref: assertion 'object->ref_count > 0' failed

(firefox:1951): GLib-GObject-CRITICAL **: g_object_ref: assertion 'object->ref_count > 0' failed

(firefox:1951): GLib-GObject-CRITICAL **: g_object_unref: assertion 'object->ref_count > 0' failed
1496567597349	Marionette	INFO	Listening on port 39673
1496567597641	Marionette	WARN	TLS certificate errors will be ignored for this session

(/usr/lib/firefox/firefox:2006): GLib-GObject-CRITICAL **: g_object_ref: assertion 'object->ref_count > 0' failed

(/usr/lib/firefox/firefox:2006): GLib-GObject-CRITICAL **: g_object_unref: assertion 'object->ref_count > 0' failed

(/usr/lib/firefox/firefox:2006): GLib-GObject-CRITICAL **: g_object_ref: assertion 'object->ref_count > 0' failed

(/usr/lib/firefox/firefox:2006): GLib-GObject-CRITICAL **: g_object_unref: assertion 'object->ref_count > 0' failed
1496567646559	geckodriver	INFO	Listening on 127.0.0.1:42286
1496567647639	geckodriver::marionette	INFO	Starting browser /usr/lib/firefox/firefox.sh with args ["-marionette"]

(firefox:2056): GLib-GObject-CRITICAL **: g_object_ref: assertion 'object->ref_count > 0' failed

(firefox:2056): GLib-GObject-CRITICAL **: g_object_unref: assertion 'object->ref_count > 0' failed

(firefox:2056): GLib-GObject-CRITICAL **: g_object_ref: assertion 'object->ref_count > 0' failed

(firefox:2056): GLib-GObject-CRITICAL **: g_object_unref: assertion 'object->ref_count > 0' failed
1496567653518	Marionette	INFO	Listening on port 59559
1496567654310	Marionette	WARN	TLS certificate errors will be ignored for this session

(/usr/lib/firefox/firefox:2106): GLib-GObject-CRITICAL **: g_object_ref: assertion 'object->ref_count > 0' failed

(/usr/lib/firefox/firefox:2106): GLib-GObject-CRITICAL **: g_object_unref: assertion 'object->ref_count > 0' failed

(/usr/lib/firefox/firefox:2106): GLib-GObject-CRITICAL **: g_object_ref: assertion 'object->ref_count > 0' failed

(/usr/lib/firefox/firefox:2106): GLib-GObject-CRITICAL **: g_object_unref: assertion 'object->ref_count > 0' failed
1496567725149	geckodriver	INFO	Listening on 127.0.0.1:55157
1496567726218	geckodriver::marionette	INFO	Starting browser /usr/lib/firefox/firefox.sh with args ["-marionette"]

(firefox:2163): GLib-GObject-CRITICAL **: g_object_ref: assertion 'object->ref_count > 0' failed

(firefox:2163): GLib-GObject-CRITICAL **: g_object_unref: assertion 'object->ref_count > 0' failed

(firefox:2163): GLib-GObject-CRITICAL **: g_object_ref: assertion 'object->ref_count > 0' failed

(firefox:2163): GLib-GObject-CRITICAL **: g_object_unref: assertion 'object->ref_count > 0' failed
1496567734482	Marionette	INFO	Listening on port 52924
1496567735145	Marionette	WARN	TLS certificate errors will be ignored for this session

(/usr/lib/firefox/firefox:2208): GLib-GObject-CRITICAL **: g_object_ref: assertion 'object->ref_count > 0' failed

(/usr/lib/firefox/firefox:2208): GLib-GObject-CRITICAL **: g_object_unref: assertion 'object->ref_count > 0' failed

(/usr/lib/firefox/firefox:2208): GLib-GObject-CRITICAL **: g_object_ref: assertion 'object->ref_count > 0' failed

(/usr/lib/firefox/firefox:2208): GLib-GObject-CRITICAL **: g_object_unref: assertion 'object->ref_count > 0' failed
1496567854817	geckodriver	INFO	Listening on 127.0.0.1:36990
1496567855924	geckodriver::marionette	INFO	Starting browser /usr/lib/firefox/firefox.sh with args ["-marionette"]

(firefox:2269): GLib-GObject-CRITICAL **: g_object_ref: assertion 'object->ref_count > 0' failed

(firefox:2269): GLib-GObject-CRITICAL **: g_object_unref: assertion 'object->ref_count > 0' failed

(firefox:2269): GLib-GObject-CRITICAL **: g_object_ref: assertion 'object->ref_count > 0' failed

(firefox:2269): GLib-GObject-CRITICAL **: g_object_unref: assertion 'object->ref_count > 0' failed
1496567866704	Marionette	INFO	Listening on port 57934
1496567867249	Marionette	WARN	TLS certificate errors will be ignored for this session

(/usr/lib/firefox/firefox:2319): GLib-GObject-CRITICAL **: g_object_ref: assertion 'object->ref_count > 0' failed

(/usr/lib/firefox/firefox:2319): GLib-GObject-CRITICAL **: g_object_unref: assertion 'object->ref_count > 0' failed

(/usr/lib/firefox/firefox:2319): GLib-GObject-CRITICAL **: g_object_ref: assertion 'object->ref_count > 0' failed

(/usr/lib/firefox/firefox:2319): GLib-GObject-CRITICAL **: g_object_unref: assertion 'object->ref_count > 0' failed
*************************
A coding exception was thrown and uncaught in a Task.

Full message: TypeError: NetworkError when attempting to fetch resource.
Full stack: 
*************************
*************************
A coding exception was thrown and uncaught in a Task.

Full message: TypeError: NetworkError when attempting to fetch resource.
Full stack: 
*************************
*************************
A coding exception was thrown and uncaught in a Task.

Full message: TypeError: NetworkError when attempting to fetch resource.
Full stack: 
*************************
1496568256131	geckodriver	INFO	Listening on 127.0.0.1:59340
1496568256438	geckodriver::marionette	INFO	Starting browser /usr/lib/firefox/firefox.sh with args ["-marionette"]

(firefox:2412): GLib-GObject-CRITICAL **: g_object_ref: assertion 'object->ref_count > 0' failed

(firefox:2412): GLib-GObject-CRITICAL **: g_object_unref: assertion 'object->ref_count > 0' failed

(firefox:2412): GLib-GObject-CRITICAL **: g_object_ref: assertion 'object->ref_count > 0' failed

(firefox:2412): GLib-GObject-CRITICAL **: g_object_unref: assertion 'object->ref_count > 0' failed
1496568267805	Marionette	INFO	Listening on port 36173
[Parent 2412] WARNING: pipe error (47): Connection reset by peer: file /build/firefox-EX_27g/firefox-53.0.3+build1/ipc/chromium/src/chrome/common/ipc_channel_posix.cc, line 346
[Parent 2412] WARNING: pipe error (45): Connection reset by peer: file /build/firefox-EX_27g/firefox-53.0.3+build1/ipc/chromium/src/chrome/common/ipc_channel_posix.cc, line 346
[Parent 2412] WARNING: pipe error (48): Connection reset by peer: file /build/firefox-EX_27g/firefox-53.0.3+build1/ipc/chromium/src/chrome/common/ipc_channel_posix.cc, line 346
[Parent 2412] WARNING: pipe error (46): Connection reset by peer: file /build/firefox-EX_27g/firefox-53.0.3+build1/ipc/chromium/src/chrome/common/ipc_channel_posix.cc, line 346
[Parent 2412] WARNING: pipe error (44): Connection reset by peer: file /build/firefox-EX_27g/firefox-53.0.3+build1/ipc/chromium/src/chrome/common/ipc_channel_posix.cc, line 346

###!!! [Parent][MessageChannel] Error: (msgtype=0x44001B,name=PContent::Msg_PreferenceUpdate) Channel error: cannot send/recv


###!!! [Parent][MessageChannel] Error: (msgtype=0x44001B,name=PContent::Msg_PreferenceUpdate) Channel error: cannot send/recv


###!!! [Parent][RunMessage] Error: Channel error: cannot send/recv


###!!! [Parent][RunMessage] Error: Channel error: cannot send/recv


###!!! [Parent][RunMessage] Error: Channel error: cannot send/recv


###!!! [Parent][RunMessage] Error: Channel error: cannot send/recv


###!!! [Parent][MessageChannel] Error: (msgtype=0x2C0085,name=PBrowser::Msg_Destroy) Channel error: cannot send/recv

1496568291610	Marionette	WARN	TLS certificate errors will be ignored for this session
*************************
A coding exception was thrown and uncaught in a Task.

Full message: TypeError: NetworkError when attempting to fetch resource.
Full stack: 
*************************
*************************
A coding exception was thrown and uncaught in a Task.

Full message: TypeError: NetworkError when attempting to fetch resource.
Full stack: 
*************************
1496575881075	geckodriver	INFO	Listening on 127.0.0.1:48578
1496575882209	geckodriver::marionette	INFO	Starting browser /usr/lib/firefox/firefox.sh with args ["-marionette"]

(firefox:2601): GLib-GObject-CRITICAL **: g_object_ref: assertion 'object->ref_count > 0' failed

(firefox:2601): GLib-GObject-CRITICAL **: g_object_unref: assertion 'object->ref_count > 0' failed

(firefox:2601): GLib-GObject-CRITICAL **: g_object_ref: assertion 'object->ref_count > 0' failed

(firefox:2601): GLib-GObject-CRITICAL **: g_object_unref: assertion 'object->ref_count > 0' failed

###!!! [Parent][MessageChannel] Error: (msgtype=0x2C0085,name=PBrowser::Msg_Destroy) Channel error: cannot send/recv

1496575908598	Marionette	INFO	Listening on port 44103
1496575913178	Marionette	WARN	TLS certificate errors will be ignored for this session

(/usr/lib/firefox/firefox:2653): GLib-GObject-CRITICAL **: g_object_ref: assertion 'object->ref_count > 0' failed

(/usr/lib/firefox/firefox:2653): GLib-GObject-CRITICAL **: g_object_unref: assertion 'object->ref_count > 0' failed

(/usr/lib/firefox/firefox:2653): GLib-GObject-CRITICAL **: g_object_ref: assertion 'object->ref_count > 0' failed

(/usr/lib/firefox/firefox:2653): GLib-GObject-CRITICAL **: g_object_unref: assertion 'object->ref_count > 0' failed
*************************
A coding exception was thrown and uncaught in a Task.

Full message: TypeError: NetworkError when attempting to fetch resource.
Full stack: 
*************************
1496576788903	geckodriver	INFO	Listening on 127.0.0.1:35107
1496576790022	geckodriver::marionette	INFO	Starting browser /usr/lib/firefox/firefox.sh with args ["-marionette"]

(firefox:2729): GLib-GObject-CRITICAL **: g_object_ref: assertion 'object->ref_count > 0' failed

(firefox:2729): GLib-GObject-CRITICAL **: g_object_unref: assertion 'object->ref_count > 0' failed

(firefox:2729): GLib-GObject-CRITICAL **: g_object_ref: assertion 'object->ref_count > 0' failed

(firefox:2729): GLib-GObject-CRITICAL **: g_object_unref: assertion 'object->ref_count > 0' failed
1496576817939	Marionette	INFO	Listening on port 44757
1496576818553	Marionette	WARN	TLS certificate errors will be ignored for this session

(/usr/lib/firefox/firefox:2781): GLib-GObject-CRITICAL **: g_object_ref: assertion 'object->ref_count > 0' failed

(/usr/lib/firefox/firefox:2781): GLib-GObject-CRITICAL **: g_object_unref: assertion 'object->ref_count > 0' failed

(/usr/lib/firefox/firefox:2781): GLib-GObject-CRITICAL **: g_object_ref: assertion 'object->ref_count > 0' failed

(/usr/lib/firefox/firefox:2781): GLib-GObject-CRITICAL **: g_object_unref: assertion 'object->ref_count > 0' failed

###!!! [Parent][MessageChannel] Error: (msgtype=0x2C0085,name=PBrowser::Msg_Destroy) Channel error: cannot send/recv

1496577129152	geckodriver	INFO	Listening on 127.0.0.1:41460
1496577129643	geckodriver::marionette	INFO	Starting browser /usr/lib/firefox/firefox.sh with args ["-marionette"]

(firefox:2847): GLib-GObject-CRITICAL **: g_object_ref: assertion 'object->ref_count > 0' failed

(firefox:2847): GLib-GObject-CRITICAL **: g_object_unref: assertion 'object->ref_count > 0' failed

(firefox:2847): GLib-GObject-CRITICAL **: g_object_ref: assertion 'object->ref_count > 0' failed

(firefox:2847): GLib-GObject-CRITICAL **: g_object_unref: assertion 'object->ref_count > 0' failed
1496577160451	Marionette	INFO	Listening on port 53615
1496577164323	Marionette	WARN	TLS certificate errors will be ignored for this session

(/usr/lib/firefox/firefox:2900): GLib-GObject-CRITICAL **: g_object_ref: assertion 'object->ref_count > 0' failed

(/usr/lib/firefox/firefox:2900): GLib-GObject-CRITICAL **: g_object_unref: assertion 'object->ref_count > 0' failed

(/usr/lib/firefox/firefox:2900): GLib-GObject-CRITICAL **: g_object_ref: assertion 'object->ref_count > 0' failed

(/usr/lib/firefox/firefox:2900): GLib-GObject-CRITICAL **: g_object_unref: assertion 'object->ref_count > 0' failed
[Parent 2847] WARNING: pipe error (54): Connection reset by peer: file /build/firefox-EX_27g/firefox-53.0.3+build1/ipc/chromium/src/chrome/common/ipc_channel_posix.cc, line 346

###!!! [Parent][MessageChannel] Error: (msgtype=0x2C0085,name=PBrowser::Msg_Destroy) Channel error: cannot send/recv

[Parent 2847] WARNING: pipe error (61): Connection reset by peer: file /build/firefox-EX_27g/firefox-53.0.3+build1/ipc/chromium/src/chrome/common/ipc_channel_posix.cc, line 346
[Parent 2847] WARNING: pipe error (66): Connection reset by peer: file /build/firefox-EX_27g/firefox-53.0.3+build1/ipc/chromium/src/chrome/common/ipc_channel_posix.cc, line 346
[Parent 2847] WARNING: pipe error (62): Connection reset by peer: file /build/firefox-EX_27g/firefox-53.0.3+build1/ipc/chromium/src/chrome/common/ipc_channel_posix.cc, line 346
[Parent 2847] WARNING: pipe error (54): Connection reset by peer: file /build/firefox-EX_27g/firefox-53.0.3+build1/ipc/chromium/src/chrome/common/ipc_channel_posix.cc, line 346

###!!! [Parent][RunMessage] Error: Channel error: cannot send/recv


###!!! [Parent][MessageChannel] Error: (msgtype=0x2C0085,name=PBrowser::Msg_Destroy) Channel error: cannot send/recv

*************************
A coding exception was thrown and uncaught in a Task.

Full message: TypeError: NetworkError when attempting to fetch resource.
Full stack: 
*************************
1496577870295	geckodriver	INFO	Listening on 127.0.0.1:45268
1496577871386	geckodriver::marionette	INFO	Starting browser /usr/lib/firefox/firefox.sh with args ["-marionette"]

(firefox:2987): GLib-GObject-CRITICAL **: g_object_ref: assertion 'object->ref_count > 0' failed

(firefox:2987): GLib-GObject-CRITICAL **: g_object_unref: assertion 'object->ref_count > 0' failed

(firefox:2987): GLib-GObject-CRITICAL **: g_object_ref: assertion 'object->ref_count > 0' failed

(firefox:2987): GLib-GObject-CRITICAL **: g_object_unref: assertion 'object->ref_count > 0' failed

###!!! [Parent][MessageChannel] Error: (msgtype=0x2C0085,name=PBrowser::Msg_Destroy) Channel error: cannot send/recv


###!!! [Parent][MessageChannel] Error: (msgtype=0x2C0085,name=PBrowser::Msg_Destroy) Channel error: cannot send/recv

1496577901732	Marionette	INFO	Listening on port 42447
1496577912718	Marionette	WARN	TLS certificate errors will be ignored for this session

(/usr/lib/firefox/firefox:3044): GLib-GObject-CRITICAL **: g_object_ref: assertion 'object->ref_count > 0' failed

(/usr/lib/firefox/firefox:3044): GLib-GObject-CRITICAL **: g_object_unref: assertion 'object->ref_count > 0' failed

(/usr/lib/firefox/firefox:3044): GLib-GObject-CRITICAL **: g_object_ref: assertion 'object->ref_count > 0' failed

(/usr/lib/firefox/firefox:3044): GLib-GObject-CRITICAL **: g_object_unref: assertion 'object->ref_count > 0' failed

###!!! [Parent][MessageChannel] Error: (msgtype=0x44001B,name=PContent::Msg_PreferenceUpdate) Channel error: cannot send/recv


###!!! [Parent][RunMessage] Error: Channel error: cannot send/recv


###!!! [Parent][MessageChannel] Error: (msgtype=0x2C0085,name=PBrowser::Msg_Destroy) Channel error: cannot send/recv

1496578029570	geckodriver	INFO	Listening on 127.0.0.1:51492
1496578030658	geckodriver::marionette	INFO	Starting browser /usr/lib/firefox/firefox.sh with args ["-marionette"]

(firefox:3106): GLib-GObject-CRITICAL **: g_object_ref: assertion 'object->ref_count > 0' failed

(firefox:3106): GLib-GObject-CRITICAL **: g_object_unref: assertion 'object->ref_count > 0' failed

(firefox:3106): GLib-GObject-CRITICAL **: g_object_ref: assertion 'object->ref_count > 0' failed

(firefox:3106): GLib-GObject-CRITICAL **: g_object_unref: assertion 'object->ref_count > 0' failed

###!!! [Parent][MessageChannel] Error: (msgtype=0x2C0085,name=PBrowser::Msg_Destroy) Channel error: cannot send/recv

1496578061796	Marionette	INFO	Listening on port 38219
1496578062716	Marionette	WARN	TLS certificate errors will be ignored for this session

(/usr/lib/firefox/firefox:3159): GLib-GObject-CRITICAL **: g_object_ref: assertion 'object->ref_count > 0' failed

(/usr/lib/firefox/firefox:3159): GLib-GObject-CRITICAL **: g_object_unref: assertion 'object->ref_count > 0' failed

(/usr/lib/firefox/firefox:3159): GLib-GObject-CRITICAL **: g_object_ref: assertion 'object->ref_count > 0' failed

(/usr/lib/firefox/firefox:3159): GLib-GObject-CRITICAL **: g_object_unref: assertion 'object->ref_count > 0' failed
1496578244062	geckodriver	INFO	Listening on 127.0.0.1:51707
1496578245172	geckodriver::marionette	INFO	Starting browser /usr/lib/firefox/firefox.sh with args ["-marionette"]

(firefox:3224): GLib-GObject-CRITICAL **: g_object_ref: assertion 'object->ref_count > 0' failed

(firefox:3224): GLib-GObject-CRITICAL **: g_object_unref: assertion 'object->ref_count > 0' failed

(firefox:3224): GLib-GObject-CRITICAL **: g_object_ref: assertion 'object->ref_count > 0' failed

(firefox:3224): GLib-GObject-CRITICAL **: g_object_unref: assertion 'object->ref_count > 0' failed

###!!! [Parent][MessageChannel] Error: (msgtype=0x2C0085,name=PBrowser::Msg_Destroy) Channel error: cannot send/recv

1496578292913	Marionette	INFO	Listening on port 45255
1496578293361	Marionette	WARN	TLS certificate errors will be ignored for this session

(/usr/lib/firefox/firefox:3286): GLib-GObject-CRITICAL **: g_object_ref: assertion 'object->ref_count > 0' failed

(/usr/lib/firefox/firefox:3286): GLib-GObject-CRITICAL **: g_object_unref: assertion 'object->ref_count > 0' failed

(/usr/lib/firefox/firefox:3286): GLib-GObject-CRITICAL **: g_object_ref: assertion 'object->ref_count > 0' failed

(/usr/lib/firefox/firefox:3286): GLib-GObject-CRITICAL **: g_object_unref: assertion 'object->ref_count > 0' failed

###!!! [Parent][RunMessage] Error: Channel error: cannot send/recv


###!!! [Parent][RunMessage] Error: Channel error: cannot send/recv


###!!! [Parent][MessageChannel] Error: (msgtype=0x860001,name=PJavaScript::Msg_DropObject) Channel error: cannot send/recv


###!!! [Parent][MessageChannel] Error: (msgtype=0x860001,name=PJavaScript::Msg_DropObject) Channel error: cannot send/recv


###!!! [Parent][MessageChannel] Error: (msgtype=0x860001,name=PJavaScript::Msg_DropObject) Channel error: cannot send/recv


###!!! [Parent][RunMessage] Error: Channel error: cannot send/recv


###!!! [Parent][RunMessage] Error: Channel error: cannot send/recv


###!!! [Parent][RunMessage] Error: Channel error: cannot send/recv


###!!! [Parent][RunMessage] Error: Channel error: cannot send/recv


###!!! [Parent][RunMessage] Error: Channel error: cannot send/recv


###!!! [Parent][RunMessage] Error: Channel error: cannot send/recv


###!!! [Parent][RunMessage] Error: Channel error: cannot send/recv


###!!! [Parent][RunMessage] Error: Channel error: cannot send/recv


###!!! [Parent][RunMessage] Error: Channel error: cannot send/recv


###!!! [Parent][RunMessage] Error: Channel error: cannot send/recv


###!!! [Parent][RunMessage] Error: Channel error: cannot send/recv


###!!! [Parent][RunMessage] Error: Channel error: cannot send/recv


###!!! [Parent][MessageChannel] Error: (msgtype=0x2C0085,name=PBrowser::Msg_Destroy) Channel error: cannot send/recv

*************************
A coding exception was thrown and uncaught in a Task.

Full message: TypeError: NetworkError when attempting to fetch resource.
Full stack: 
*************************
*************************
A coding exception was thrown and uncaught in a Task.

Full message: TypeError: NetworkError when attempting to fetch resource.
Full stack: 
*************************
*************************
A coding exception was thrown and uncaught in a Task.

Full message: TypeError: NetworkError when attempting to fetch resource.
Full stack: 
*************************
1496580465866	geckodriver	INFO	Listening on 127.0.0.1:41722
1496580466995	geckodriver::marionette	INFO	Starting browser /usr/lib/firefox/firefox.sh with args ["-marionette"]

(firefox:3406): GLib-GObject-CRITICAL **: g_object_ref: assertion 'object->ref_count > 0' failed

(firefox:3406): GLib-GObject-CRITICAL **: g_object_unref: assertion 'object->ref_count > 0' failed

(firefox:3406): GLib-GObject-CRITICAL **: g_object_ref: assertion 'object->ref_count > 0' failed

(firefox:3406): GLib-GObject-CRITICAL **: g_object_unref: assertion 'object->ref_count > 0' failed
1496580489303	Marionette	INFO	Listening on port 35490
1496580489707	Marionette	WARN	TLS certificate errors will be ignored for this session

(/usr/lib/firefox/firefox:3459): GLib-GObject-CRITICAL **: g_object_ref: assertion 'object->ref_count > 0' failed

(/usr/lib/firefox/firefox:3459): GLib-GObject-CRITICAL **: g_object_unref: assertion 'object->ref_count > 0' failed

(/usr/lib/firefox/firefox:3459): GLib-GObject-CRITICAL **: g_object_ref: assertion 'object->ref_count > 0' failed

(/usr/lib/firefox/firefox:3459): GLib-GObject-CRITICAL **: g_object_unref: assertion 'object->ref_count > 0' failed
1496580642619	geckodriver	INFO	Listening on 127.0.0.1:58617
1496580643708	geckodriver::marionette	INFO	Starting browser /usr/lib/firefox/firefox.sh with args ["-marionette"]

(firefox:3523): GLib-GObject-CRITICAL **: g_object_ref: assertion 'object->ref_count > 0' failed

(firefox:3523): GLib-GObject-CRITICAL **: g_object_unref: assertion 'object->ref_count > 0' failed

(firefox:3523): GLib-GObject-CRITICAL **: g_object_ref: assertion 'object->ref_count > 0' failed

(firefox:3523): GLib-GObject-CRITICAL **: g_object_unref: assertion 'object->ref_count > 0' failed
1496580651683	Marionette	INFO	Listening on port 57374
1496580656367	Marionette	WARN	TLS certificate errors will be ignored for this session

(/usr/lib/firefox/firefox:3571): GLib-GObject-CRITICAL **: g_object_ref: assertion 'object->ref_count > 0' failed

(/usr/lib/firefox/firefox:3571): GLib-GObject-CRITICAL **: g_object_unref: assertion 'object->ref_count > 0' failed

(/usr/lib/firefox/firefox:3571): GLib-GObject-CRITICAL **: g_object_ref: assertion 'object->ref_count > 0' failed

(/usr/lib/firefox/firefox:3571): GLib-GObject-CRITICAL **: g_object_unref: assertion 'object->ref_count > 0' failed

###!!! [Parent][MessageChannel] Error: (msgtype=0xF00001,name=PVsync::Msg_Notify) Channel error: cannot send/recv


###!!! [Parent][MessageChannel] Error: (msgtype=0xF00001,name=PVsync::Msg_Notify) Channel error: cannot send/recv


###!!! [Parent][MessageChannel] Error: (msgtype=0xF00001,name=PVsync::Msg_Notify) Channel error: cannot send/recv


###!!! [Parent][MessageChannel] Error: (msgtype=0xF00001,name=PVsync::Msg_Notify) Channel error: cannot send/recv


###!!! [Parent][MessageChannel] Error: (msgtype=0xF00001,name=PVsync::Msg_Notify) Channel error: cannot send/recv


###!!! [Parent][RunMessage] Error: Channel error: cannot send/recv


###!!! [Parent][RunMessage] Error: Channel error: cannot send/recv


###!!! [Parent][RunMessage] Error: Channel error: cannot send/recv


###!!! [Parent][RunMessage] Error: Channel error: cannot send/recv


###!!! [Parent][RunMessage] Error: Channel error: cannot send/recv


###!!! [Parent][RunMessage] Error: Channel error: cannot send/recv


###!!! [Parent][RunMessage] Error: Channel error: cannot send/recv


###!!! [Parent][RunMessage] Error: Channel error: cannot send/recv


###!!! [Parent][RunMessage] Error: Channel error: cannot send/recv


###!!! [Parent][RunMessage] Error: Channel error: cannot send/recv


###!!! [Parent][RunMessage] Error: Channel error: cannot send/recv


###!!! [Parent][RunMessage] Error: Channel error: cannot send/recv


###!!! [Parent][RunMessage] Error: Channel error: cannot send/recv


###!!! [Parent][MessageChannel] Error: (msgtype=0x2C0085,name=PBrowser::Msg_Destroy) Channel error: cannot send/recv


(/usr/lib/firefox/firefox:3611): GLib-GObject-CRITICAL **: g_object_ref: assertion 'object->ref_count > 0' failed

(/usr/lib/firefox/firefox:3611): GLib-GObject-CRITICAL **: g_object_unref: assertion 'object->ref_count > 0' failed

(/usr/lib/firefox/firefox:3611): GLib-GObject-CRITICAL **: g_object_ref: assertion 'object->ref_count > 0' failed

(/usr/lib/firefox/firefox:3611): GLib-GObject-CRITICAL **: g_object_unref: assertion 'object->ref_count > 0' failed
[Parent 3523] WARNING: pipe error (64): Connection reset by peer: file /build/firefox-EX_27g/firefox-53.0.3+build1/ipc/chromium/src/chrome/common/ipc_channel_posix.cc, line 346

###!!! [Parent][RunMessage] Error: Channel error: cannot send/recv


###!!! [Parent][RunMessage] Error: Channel error: cannot send/recv


###!!! [Parent][RunMessage] Error: Channel error: cannot send/recv


###!!! [Parent][RunMessage] Error: Channel error: cannot send/recv


###!!! [Parent][RunMessage] Error: Channel error: cannot send/recv


###!!! [Parent][RunMessage] Error: Channel error: cannot send/recv


###!!! [Parent][RunMessage] Error: Channel error: cannot send/recv


###!!! [Parent][RunMessage] Error: Channel error: cannot send/recv


###!!! [Parent][RunMessage] Error: Channel error: cannot send/recv


###!!! [Parent][RunMessage] Error: Channel error: cannot send/recv


###!!! [Parent][MessageChannel] Error: (msgtype=0x2C0085,name=PBrowser::Msg_Destroy) Channel error: cannot send/recv

1496580943874	geckodriver	INFO	Listening on 127.0.0.1:36880
1496580945017	geckodriver::marionette	INFO	Starting browser /usr/lib/firefox/firefox.sh with args ["-marionette"]

(firefox:3654): GLib-GObject-CRITICAL **: g_object_ref: assertion 'object->ref_count > 0' failed

(firefox:3654): GLib-GObject-CRITICAL **: g_object_unref: assertion 'object->ref_count > 0' failed

(firefox:3654): GLib-GObject-CRITICAL **: g_object_ref: assertion 'object->ref_count > 0' failed

(firefox:3654): GLib-GObject-CRITICAL **: g_object_unref: assertion 'object->ref_count > 0' failed
1496580952408	Marionette	INFO	Listening on port 58025
1496580957499	Marionette	WARN	TLS certificate errors will be ignored for this session
[Parent 3654] WARNING: pipe error (61): Connection reset by peer: file /build/firefox-EX_27g/firefox-53.0.3+build1/ipc/chromium/src/chrome/common/ipc_channel_posix.cc, line 346
[Parent 3654] WARNING: pipe error (47): Connection reset by peer: file /build/firefox-EX_27g/firefox-53.0.3+build1/ipc/chromium/src/chrome/common/ipc_channel_posix.cc, line 346
[Parent 3654] WARNING: pipe error (50): Connection reset by peer: file /build/firefox-EX_27g/firefox-53.0.3+build1/ipc/chromium/src/chrome/common/ipc_channel_posix.cc, line 346
[Parent 3654] WARNING: pipe error (48): Connection reset by peer: file /build/firefox-EX_27g/firefox-53.0.3+build1/ipc/chromium/src/chrome/common/ipc_channel_posix.cc, line 346
[Parent 3654] WARNING: pipe error (46): Connection reset by peer: file /build/firefox-EX_27g/firefox-53.0.3+build1/ipc/chromium/src/chrome/common/ipc_channel_posix.cc, line 346

###!!! [Parent][MessageChannel] Error: (msgtype=0x44001B,name=PContent::Msg_PreferenceUpdate) Channel error: cannot send/recv


###!!! [Parent][MessageChannel] Error: (msgtype=0x44001D,name=PContent::Msg_DataStoragePut) Channel error: cannot send/recv


###!!! [Parent][RunMessage] Error: Channel error: cannot send/recv


###!!! [Parent][MessageChannel] Error: (msgtype=0x2C0085,name=PBrowser::Msg_Destroy) Channel error: cannot send/recv


(/usr/lib/firefox/firefox:3737): GLib-GObject-CRITICAL **: g_object_ref: assertion 'object->ref_count > 0' failed

(/usr/lib/firefox/firefox:3737): GLib-GObject-CRITICAL **: g_object_unref: assertion 'object->ref_count > 0' failed

(/usr/lib/firefox/firefox:3737): GLib-GObject-CRITICAL **: g_object_ref: assertion 'object->ref_count > 0' failed

(/usr/lib/firefox/firefox:3737): GLib-GObject-CRITICAL **: g_object_unref: assertion 'object->ref_count > 0' failed
*************************
A coding exception was thrown and uncaught in a Task.

Full message: TypeError: NetworkError when attempting to fetch resource.
Full stack: 
*************************
[Parent 3654] WARNING: pipe error (47): Connection reset by peer: file /build/firefox-EX_27g/firefox-53.0.3+build1/ipc/chromium/src/chrome/common/ipc_channel_posix.cc, line 346

###!!! [Parent][RunMessage] Error: Channel error: cannot send/recv


###!!! [Parent][MessageChannel] Error: (msgtype=0x44001B,name=PContent::Msg_PreferenceUpdate) Channel error: cannot send/recv


###!!! [Parent][MessageChannel] Error: (msgtype=0x2C0085,name=PBrowser::Msg_Destroy) Channel error: cannot send/recv


###!!! [Parent][MessageChannel] Error: (msgtype=0x2C0085,name=PBrowser::Msg_Destroy) Channel error: cannot send/recv

1496581194736	geckodriver	INFO	Listening on 127.0.0.1:48536
1496581195824	geckodriver::marionette	INFO	Starting browser /usr/lib/firefox/firefox.sh with args ["-marionette"]

(firefox:3794): GLib-GObject-CRITICAL **: g_object_ref: assertion 'object->ref_count > 0' failed

(firefox:3794): GLib-GObject-CRITICAL **: g_object_unref: assertion 'object->ref_count > 0' failed

(firefox:3794): GLib-GObject-CRITICAL **: g_object_ref: assertion 'object->ref_count > 0' failed

(firefox:3794): GLib-GObject-CRITICAL **: g_object_unref: assertion 'object->ref_count > 0' failed
1496581197595	addons.manager	DEBUG	Application has been upgraded
1496581197684	addons.manager	DEBUG	Loaded provider scope for resource://gre/modules/addons/XPIProvider.jsm: ["XPIProvider"]
1496581197695	addons.manager	DEBUG	Loaded provider scope for resource://gre/modules/LightweightThemeManager.jsm: ["LightweightThemeManager"]
1496581197710	addons.manager	DEBUG	Loaded provider scope for resource://gre/modules/addons/GMPProvider.jsm
1496581197714	addons.manager	DEBUG	Loaded provider scope for resource://gre/modules/addons/PluginProvider.jsm
1496581197720	addons.manager	DEBUG	Starting provider: XPIProvider
1496581197725	addons.xpi	DEBUG	startup
1496581197727	addons.xpi	INFO	Removing all system add-on upgrades.
1496581197733	addons.xpi	INFO	SystemAddonInstallLocation directory is missing
1496581197735	addons.xpi	INFO	Mapping e10srollout@mozilla.org to /usr/lib/firefox/browser/features/e10srollout@mozilla.org.xpi
1496581197738	addons.xpi	INFO	Mapping aushelper@mozilla.org to /usr/lib/firefox/browser/features/aushelper@mozilla.org.xpi
1496581197738	addons.xpi	INFO	Mapping firefox@getpocket.com to /usr/lib/firefox/browser/features/firefox@getpocket.com.xpi
1496581197738	addons.xpi	INFO	Mapping webcompat@mozilla.org to /usr/lib/firefox/browser/features/webcompat@mozilla.org.xpi
1496581197743	addons.xpi	INFO	Mapping {972ce4c6-7e08-4474-a285-3208198ce6fd} to /usr/lib/firefox/browser/extensions/{972ce4c6-7e08-4474-a285-3208198ce6fd}.xpi
1496581197744	addons.xpi	DEBUG	checkForChanges
1496581197747	addons.xpi	INFO	SystemAddonInstallLocation directory is missing
1496581197748	addons.xpi	DEBUG	Loaded add-on state from prefs: {}
1496581197753	addons.xpi	DEBUG	New add-on e10srollout@mozilla.org in app-system-defaults
1496581197756	addons.xpi	DEBUG	getModTime: Recursive scan of e10srollout@mozilla.org
1496581197761	addons.xpi	DEBUG	New add-on aushelper@mozilla.org in app-system-defaults
1496581197764	addons.xpi	DEBUG	getModTime: Recursive scan of aushelper@mozilla.org
1496581197765	addons.xpi	DEBUG	New add-on firefox@getpocket.com in app-system-defaults
1496581197765	addons.xpi	DEBUG	getModTime: Recursive scan of firefox@getpocket.com
1496581197771	addons.xpi	DEBUG	New add-on webcompat@mozilla.org in app-system-defaults
1496581197771	addons.xpi	DEBUG	getModTime: Recursive scan of webcompat@mozilla.org
1496581197772	addons.xpi	DEBUG	New add-on {972ce4c6-7e08-4474-a285-3208198ce6fd} in app-global
1496581197776	addons.xpi	DEBUG	getModTime: Recursive scan of {972ce4c6-7e08-4474-a285-3208198ce6fd}
1496581197779	addons.xpi	DEBUG	getInstallState changed: true, state: {"app-system-defaults":{"e10srollout@mozilla.org":{"d":"/usr/lib/firefox/browser/features/e10srollout@mozilla.org.xpi","st":1495656703000},"aushelper@mozilla.org":{"d":"/usr/lib/firefox/browser/features/aushelper@mozilla.org.xpi","st":1495656703000},"firefox@getpocket.com":{"d":"/usr/lib/firefox/browser/features/firefox@getpocket.com.xpi","st":1495656703000},"webcompat@mozilla.org":{"d":"/usr/lib/firefox/browser/features/webcompat@mozilla.org.xpi","st":1495656703000}},"app-global":{"{972ce4c6-7e08-4474-a285-3208198ce6fd}":{"d":"/usr/lib/firefox/browser/extensions/{972ce4c6-7e08-4474-a285-3208198ce6fd}.xpi","st":1495656703000}}}
1496581197819	addons.xpi-utils	DEBUG	Opening XPI database /tmp/rust_mozprofile.GwX4pOacwMKF/extensions.json
1496581197835	addons.xpi-utils	DEBUG	New add-on e10srollout@mozilla.org installed in app-system-defaults
*** Blocklist::_loadBlocklistFromFile: blocklist is disabled
1496581198130	DeferredSave.extensions.json	DEBUG	Save changes
1496581198135	addons.xpi-utils	DEBUG	New add-on aushelper@mozilla.org installed in app-system-defaults
1496581198145	DeferredSave.extensions.json	DEBUG	Starting timer
1496581198212	DeferredSave.extensions.json	DEBUG	Save changes
1496581198215	addons.xpi-utils	DEBUG	New add-on firefox@getpocket.com installed in app-system-defaults
1496581198241	DeferredSave.extensions.json	DEBUG	Save changes
1496581198246	addons.xpi-utils	DEBUG	New add-on webcompat@mozilla.org installed in app-system-defaults
1496581198267	DeferredSave.extensions.json	DEBUG	Save changes
1496581198269	addons.xpi-utils	DEBUG	New add-on {972ce4c6-7e08-4474-a285-3208198ce6fd} installed in app-global
1496581198290	DeferredSave.extensions.json	DEBUG	Save changes
1496581198294	addons.manager	DEBUG	Registering startup change 'installed' for e10srollout@mozilla.org
1496581198319	addons.xpi	DEBUG	Loading bootstrap scope from /usr/lib/firefox/browser/features/e10srollout@mozilla.org.xpi
1496581198350	addons.xpi	DEBUG	Calling bootstrap method install on e10srollout@mozilla.org version 1.14
1496581198356	addons.xpi-utils	DEBUG	Make addon app-system-defaults:e10srollout@mozilla.org visible
1496581198360	DeferredSave.extensions.json	DEBUG	Save changes
1496581198360	addons.manager	DEBUG	Registering startup change 'installed' for aushelper@mozilla.org
1496581198361	addons.xpi	DEBUG	Loading bootstrap scope from /usr/lib/firefox/browser/features/aushelper@mozilla.org.xpi
1496581198368	addons.xpi	DEBUG	Calling bootstrap method install on aushelper@mozilla.org version 2.0
1496581198371	addons.xpi-utils	DEBUG	Make addon app-system-defaults:aushelper@mozilla.org visible
1496581198377	DeferredSave.extensions.json	DEBUG	Save changes
1496581198383	addons.manager	DEBUG	Registering startup change 'installed' for firefox@getpocket.com
1496581198386	addons.xpi	DEBUG	Loading bootstrap scope from /usr/lib/firefox/browser/features/firefox@getpocket.com.xpi
1496581198399	addons.xpi	DEBUG	Calling bootstrap method install on firefox@getpocket.com version 1.0.5
1496581198399	addons.xpi-utils	DEBUG	Make addon app-system-defaults:firefox@getpocket.com visible
1496581198400	DeferredSave.extensions.json	DEBUG	Save changes
1496581198400	addons.manager	DEBUG	Registering startup change 'installed' for webcompat@mozilla.org
1496581198405	addons.xpi	DEBUG	Loading bootstrap scope from /usr/lib/firefox/browser/features/webcompat@mozilla.org.xpi
1496581198412	addons.xpi	DEBUG	Calling bootstrap method install on webcompat@mozilla.org version 1.0
1496581198413	addons.xpi-utils	DEBUG	Make addon app-system-defaults:webcompat@mozilla.org visible
1496581198413	DeferredSave.extensions.json	DEBUG	Save changes
1496581198414	addons.xpi-utils	DEBUG	Make addon app-global:{972ce4c6-7e08-4474-a285-3208198ce6fd} visible
1496581198414	DeferredSave.extensions.json	DEBUG	Save changes
1496581198415	addons.xpi	DEBUG	Updating XPIState for {"id":"e10srollout@mozilla.org","syncGUID":"{734e9010-9de7-4d98-893d-e10a9a6860a1}","location":"app-system-defaults","version":"1.14","type":"extension","internalName":null,"updateURL":null,"updateKey":null,"optionsURL":null,"optionsType":null,"aboutURL":null,"icons":{},"iconURL":null,"icon64URL":null,"defaultLocale":{"name":"Multi-process staged rollout","description":"Staged rollout of Firefox multi-process feature.","creator":null,"homepageURL":null},"visible":true,"active":true,"userDisabled":false,"appDisabled":false,"descriptor":"/usr/lib/firefox/browser/features/e10srollout@mozilla.org.xpi","installDate":1495656703000,"updateDate":1495656703000,"applyBackgroundUpdates":1,"bootstrap":true,"skinnable":false,"size":8478,"sourceURI":null,"releaseNotesURI":null,"softDisabled":false,"foreignInstall":false,"hasBinaryComponents":false,"strictCompatibility":false,"locales":[],"targetApplications":[{"id":"{ec8030f7-c20a-464f-9b0e-13a3a9e97384}","minVersion":"53.0.3","maxVersion":"53.*"}],"targetPlatforms":[],"multiprocessCompatible":true,"seen":true,"dependencies":[],"hasEmbeddedWebExtension":false,"mpcOptedOut":false,"userPermissions":null}
1496581198415	addons.xpi	DEBUG	getModTime: Recursive scan of e10srollout@mozilla.org
1496581198416	addons.xpi	DEBUG	Updating XPIState for {"id":"aushelper@mozilla.org","syncGUID":"{edd7e6cf-0d96-4c6d-9131-946f5920529c}","location":"app-system-defaults","version":"2.0","type":"extension","internalName":null,"updateURL":null,"updateKey":null,"optionsURL":null,"optionsType":null,"aboutURL":null,"icons":{},"iconURL":null,"icon64URL":null,"defaultLocale":{"name":"Application Update Service Helper","description":"Sets value(s) in the update url based on custom checks.","creator":null,"homepageURL":null},"visible":true,"active":true,"userDisabled":false,"appDisabled":false,"descriptor":"/usr/lib/firefox/browser/features/aushelper@mozilla.org.xpi","installDate":1495656703000,"updateDate":1495656703000,"applyBackgroundUpdates":1,"bootstrap":true,"skinnable":false,"size":8488,"sourceURI":null,"releaseNotesURI":null,"softDisabled":false,"foreignInstall":false,"hasBinaryComponents":false,"strictCompatibility":false,"locales":[],"targetApplications":[{"id":"{ec8030f7-c20a-464f-9b0e-13a3a9e97384}","minVersion":"53.0.3","maxVersion":"53.*"}],"targetPlatforms":[],"multiprocessCompatible":true,"seen":true,"dependencies":[],"hasEmbeddedWebExtension":false,"mpcOptedOut":false,"userPermissions":null}
1496581198416	addons.xpi	DEBUG	getModTime: Recursive scan of aushelper@mozilla.org
1496581198424	addons.xpi	DEBUG	Updating XPIState for {"id":"firefox@getpocket.com","syncGUID":"{0b779d7d-25e5-4fa7-a2a1-010740a56a4b}","location":"app-system-defaults","version":"1.0.5","type":"extension","internalName":null,"updateURL":null,"updateKey":null,"optionsURL":null,"optionsType":null,"aboutURL":null,"icons":{},"iconURL":null,"icon64URL":null,"defaultLocale":{"name":"Pocket","description":"When you find something you want to view later, put it in Pocket.","creator":null,"homepageURL":null},"visible":true,"active":true,"userDisabled":false,"appDisabled":false,"descriptor":"/usr/lib/firefox/browser/features/firefox@getpocket.com.xpi","installDate":1495656703000,"updateDate":1495656703000,"applyBackgroundUpdates":1,"bootstrap":true,"skinnable":false,"size":913565,"sourceURI":null,"releaseNotesURI":null,"softDisabled":false,"foreignInstall":false,"hasBinaryComponents":false,"strictCompatibility":false,"locales":[],"targetApplications":[{"id":"{ec8030f7-c20a-464f-9b0e-13a3a9e97384}","minVersion":"53.0.3","maxVersion":"53.*"}],"targetPlatforms":[],"multiprocessCompatible":true,"seen":true,"dependencies":[],"hasEmbeddedWebExtension":false,"mpcOptedOut":false,"userPermissions":null}
1496581198424	addons.xpi	DEBUG	getModTime: Recursive scan of firefox@getpocket.com
1496581198425	addons.xpi	DEBUG	Updating XPIState for {"id":"webcompat@mozilla.org","syncGUID":"{9c9a7f2c-95b9-4e74-a68a-854cc7164578}","location":"app-system-defaults","version":"1.0","type":"extension","internalName":null,"updateURL":null,"updateKey":null,"optionsURL":null,"optionsType":null,"aboutURL":null,"icons":{},"iconURL":null,"icon64URL":null,"defaultLocale":{"name":"Web Compat","description":"Urgent post-release fixes for web compatibility.","creator":null,"homepageURL":null},"visible":true,"active":true,"userDisabled":false,"appDisabled":false,"descriptor":"/usr/lib/firefox/browser/features/webcompat@mozilla.org.xpi","installDate":1495656703000,"updateDate":1495656703000,"applyBackgroundUpdates":1,"bootstrap":true,"skinnable":false,"size":1456,"sourceURI":null,"releaseNotesURI":null,"softDisabled":false,"foreignInstall":false,"hasBinaryComponents":false,"strictCompatibility":false,"locales":[],"targetApplications":[{"id":"{ec8030f7-c20a-464f-9b0e-13a3a9e97384}","minVersion":"53.0.3","maxVersion":"53.*"}],"targetPlatforms":[],"multiprocessCompatible":true,"seen":true,"dependencies":[],"hasEmbeddedWebExtension":false,"mpcOptedOut":false,"userPermissions":null}
1496581198425	addons.xpi	DEBUG	getModTime: Recursive scan of webcompat@mozilla.org
1496581198426	addons.xpi	DEBUG	Updating XPIState for {"id":"{972ce4c6-7e08-4474-a285-3208198ce6fd}","syncGUID":"{78e9169a-e313-461e-b9c3-5c73a8c3f841}","location":"app-global","version":"53.0.3","type":"theme","internalName":"classic/1.0","updateURL":null,"updateKey":null,"optionsURL":null,"optionsType":null,"aboutURL":null,"icons":{},"iconURL":"chrome://browser/content/default-theme-icon.svg","icon64URL":null,"defaultLocale":{"name":"Default","description":"The default theme.","creator":"Mozilla","homepageURL":null,"contributors":["Mozilla Contributors"]},"visible":true,"active":true,"userDisabled":false,"appDisabled":false,"descriptor":"/usr/lib/firefox/browser/extensions/{972ce4c6-7e08-4474-a285-3208198ce6fd}.xpi","installDate":1495656703000,"updateDate":1495656703000,"applyBackgroundUpdates":1,"skinnable":true,"size":2918,"sourceURI":null,"releaseNotesURI":null,"softDisabled":false,"foreignInstall":false,"hasBinaryComponents":false,"strictCompatibility":true,"locales":[],"targetApplications":[{"id":"{ec8030f7-c20a-464f-9b0e-13a3a9e97384}","minVersion":"53.0.3","maxVersion":"53.0.3"}],"targetPlatforms":[],"seen":true,"dependencies":[],"hasEmbeddedWebExtension":false,"userPermissions":null}
1496581198426	addons.xpi	DEBUG	getModTime: Recursive scan of {972ce4c6-7e08-4474-a285-3208198ce6fd}
1496581198428	DeferredSave.extensions.json	DEBUG	Save changes
1496581198428	addons.xpi	DEBUG	Updating database with changes to installed add-ons
1496581198428	addons.xpi-utils	DEBUG	Updating add-on states
1496581198436	addons.xpi-utils	DEBUG	Writing add-ons list
1496581198443	addons.xpi	DEBUG	Registering manifest for /usr/lib/firefox/browser/features/aushelper@mozilla.org.xpi
1496581198444	addons.xpi	DEBUG	Calling bootstrap method startup on aushelper@mozilla.org version 2.0
1496581198445	addons.xpi	DEBUG	Registering manifest for /usr/lib/firefox/browser/features/e10srollout@mozilla.org.xpi
1496581198451	addons.xpi	DEBUG	Calling bootstrap method startup on e10srollout@mozilla.org version 1.14
1496581198457	addons.xpi	DEBUG	Registering manifest for /usr/lib/firefox/browser/features/firefox@getpocket.com.xpi
1496581198466	addons.xpi	DEBUG	Calling bootstrap method startup on firefox@getpocket.com version 1.0.5
1496581198474	addons.xpi	DEBUG	Registering manifest for /usr/lib/firefox/browser/features/webcompat@mozilla.org.xpi
1496581198474	addons.xpi	DEBUG	Calling bootstrap method startup on webcompat@mozilla.org version 1.0
1496581198482	addons.manager	DEBUG	Registering shutdown blocker for XPIProvider
1496581198486	addons.manager	DEBUG	Provider finished startup: XPIProvider
1496581198486	addons.manager	DEBUG	Starting provider: LightweightThemeManager
1496581198486	addons.manager	DEBUG	Registering shutdown blocker for LightweightThemeManager
1496581198486	addons.manager	DEBUG	Provider finished startup: LightweightThemeManager
1496581198487	addons.manager	DEBUG	Starting provider: GMPProvider
1496581198508	addons.manager	DEBUG	Registering shutdown blocker for GMPProvider
1496581198512	addons.manager	DEBUG	Provider finished startup: GMPProvider
1496581198512	addons.manager	DEBUG	Starting provider: PluginProvider
1496581198513	addons.manager	DEBUG	Registering shutdown blocker for PluginProvider
1496581198516	addons.manager	DEBUG	Provider finished startup: PluginProvider
1496581198519	addons.manager	DEBUG	Completed startup sequence
1496581199668	addons.manager	DEBUG	Starting provider: <unnamed-provider>
1496581199668	addons.manager	DEBUG	Registering shutdown blocker for <unnamed-provider>
1496581199738	addons.manager	DEBUG	Provider finished startup: <unnamed-provider>
1496581199785	addons.manager	DEBUG	Starting provider: PreviousExperimentProvider
1496581199789	addons.manager	DEBUG	Registering shutdown blocker for PreviousExperimentProvider
1496581199791	addons.manager	DEBUG	Provider finished startup: PreviousExperimentProvider
1496581199794	DeferredSave.extensions.json	DEBUG	Starting write
1496581200251	DeferredSave.extensions.json	DEBUG	Write succeeded
1496581200261	addons.xpi-utils	DEBUG	XPI Database saved, setting schema version preference to 19
1496581201854	Marionette	INFO	Listening on port 46341
1496581202203	Marionette	WARN	TLS certificate errors will be ignored for this session

(/usr/lib/firefox/firefox:3844): GLib-GObject-CRITICAL **: g_object_ref: assertion 'object->ref_count > 0' failed

(/usr/lib/firefox/firefox:3844): GLib-GObject-CRITICAL **: g_object_unref: assertion 'object->ref_count > 0' failed

(/usr/lib/firefox/firefox:3844): GLib-GObject-CRITICAL **: g_object_ref: assertion 'object->ref_count > 0' failed

(/usr/lib/firefox/firefox:3844): GLib-GObject-CRITICAL **: g_object_unref: assertion 'object->ref_count > 0' failed
1496581204249	geckodriver	INFO	Listening on 127.0.0.1:54458
1496581205393	geckodriver::marionette	INFO	Starting browser /usr/lib/firefox/firefox.sh with args ["-marionette"]

(firefox:3888): GLib-GObject-CRITICAL **: g_object_ref: assertion 'object->ref_count > 0' failed

(firefox:3888): GLib-GObject-CRITICAL **: g_object_unref: assertion 'object->ref_count > 0' failed

(firefox:3888): GLib-GObject-CRITICAL **: g_object_ref: assertion 'object->ref_count > 0' failed

(firefox:3888): GLib-GObject-CRITICAL **: g_object_unref: assertion 'object->ref_count > 0' failed
[Parent 3888] WARNING: Failed to launch tab subprocess: file /build/firefox-EX_27g/firefox-53.0.3+build1/ipc/glue/GeckoChildProcessHost.cpp, line 603
[Parent 3888] WARNING: pipe error (39): Connection reset by peer: file /build/firefox-EX_27g/firefox-53.0.3+build1/ipc/chromium/src/chrome/common/ipc_channel_posix.cc, line 346
JavaScript error: chrome://global/content/bindings/remote-browser.xml, line 377: NS_ERROR_UNEXPECTED: Component returned failure code: 0x8000ffff (NS_ERROR_UNEXPECTED) [nsIScriptSecurityManager.getLoadContextCodebasePrincipal]
[Parent 3888] WARNING: Failed to launch tab subprocess: file /build/firefox-EX_27g/firefox-53.0.3+build1/ipc/glue/GeckoChildProcessHost.cpp, line 603
[Parent 3888] WARNING: pipe error (39): Connection reset by peer: file /build/firefox-EX_27g/firefox-53.0.3+build1/ipc/chromium/src/chrome/common/ipc_channel_posix.cc, line 346
JavaScript error: chrome://global/content/bindings/remote-browser.xml, line 257: TypeError: frameLoader.tabParent is null
JavaScript error: chrome://global/content/bindings/remote-browser.xml, line 257: TypeError: frameLoader.tabParent is null
1496581265199	addons.productaddons	INFO	sending request to: https://aus5.mozilla.org/update/3/GMP/53.0.3/20170524175422/Linux_x86_64-gcc3/null/release-cck- ubuntu/Linux%203.13.0-105-generic%20(GTK%203.10.8%2Clibpulse%20not-available)/canonical/1.0/update.xml
JavaScript error: chrome://global/content/bindings/remote-browser.xml, line 45: NS_ERROR_NOT_INITIALIZED: Component returned failure code: 0xc1f30001 (NS_ERROR_NOT_INITIALIZED) [nsIMessageSender.sendAsyncMessage]
1496581267725	addons.productaddons	INFO	Completed downloading document
1496581293728	addons.productaddons	INFO	downloadXHR File download. status=200
1496581293916	addons.productaddons	INFO	Downloaded file will be saved to /tmp/tmpaddon
1496581522529	geckodriver	INFO	Listening on 127.0.0.1:52843
1496581523620	geckodriver::marionette	INFO	Starting browser /usr/lib/firefox/firefox.sh with args ["-marionette"]
Error: GDK_BACKEND does not match available displays
1496581590354	addons.manager	INFO	Skipping background update check
1496581642231	geckodriver	INFO	Listening on 127.0.0.1:33063
1496581643310	geckodriver::marionette	INFO	Starting browser /usr/lib/firefox/firefox.sh with args ["-marionette"]

(firefox:3996): GLib-GObject-CRITICAL **: g_object_ref: assertion 'object->ref_count > 0' failed

(firefox:3996): GLib-GObject-CRITICAL **: g_object_unref: assertion 'object->ref_count > 0' failed

(firefox:3996): GLib-GObject-CRITICAL **: g_object_ref: assertion 'object->ref_count > 0' failed

(firefox:3996): GLib-GObject-CRITICAL **: g_object_unref: assertion 'object->ref_count > 0' failed

###!!! [Parent][MessageChannel] Error: (msgtype=0x2C0085,name=PBrowser::Msg_Destroy) Channel error: cannot send/recv

1496581688232	Marionette	INFO	Listening on port 33911
1496581689696	Marionette	WARN	TLS certificate errors will be ignored for this session

(/usr/lib/firefox/firefox:4054): GLib-GObject-CRITICAL **: g_object_ref: assertion 'object->ref_count > 0' failed

(/usr/lib/firefox/firefox:4054): GLib-GObject-CRITICAL **: g_object_unref: assertion 'object->ref_count > 0' failed

(/usr/lib/firefox/firefox:4054): GLib-GObject-CRITICAL **: g_object_ref: assertion 'object->ref_count > 0' failed

(/usr/lib/firefox/firefox:4054): GLib-GObject-CRITICAL **: g_object_unref: assertion 'object->ref_count > 0' failed
*************************
A coding exception was thrown and uncaught in a Task.

Full message: TypeError: NetworkError when attempting to fetch resource.
Full stack: 
*************************
1496581831592	DeferredSave.extensions.json	DEBUG	Save changes
1496581831740	DeferredSave.extensions.json	DEBUG	Starting timer
1496581831812	DeferredSave.extensions.json	DEBUG	Starting write
1496581832069	DeferredSave.extensions.json	DEBUG	Write succeeded
1496581869626	geckodriver	INFO	Listening on 127.0.0.1:53471
1496581870756	geckodriver::marionette	INFO	Starting browser /usr/lib/firefox/firefox.sh with args ["-marionette"]

(firefox:4126): GLib-GObject-CRITICAL **: g_object_ref: assertion 'object->ref_count > 0' failed

(firefox:4126): GLib-GObject-CRITICAL **: g_object_unref: assertion 'object->ref_count > 0' failed

(firefox:4126): GLib-GObject-CRITICAL **: g_object_ref: assertion 'object->ref_count > 0' failed

(firefox:4126): GLib-GObject-CRITICAL **: g_object_unref: assertion 'object->ref_count > 0' failed
1496581914529	Marionette	INFO	Listening on port 37331
1496581915594	Marionette	WARN	TLS certificate errors will be ignored for this session

(/usr/lib/firefox/firefox:4179): GLib-GObject-CRITICAL **: g_object_ref: assertion 'object->ref_count > 0' failed

(/usr/lib/firefox/firefox:4179): GLib-GObject-CRITICAL **: g_object_unref: assertion 'object->ref_count > 0' failed

(/usr/lib/firefox/firefox:4179): GLib-GObject-CRITICAL **: g_object_ref: assertion 'object->ref_count > 0' failed

(/usr/lib/firefox/firefox:4179): GLib-GObject-CRITICAL **: g_object_unref: assertion 'object->ref_count > 0' failed

###!!! [Parent][RunMessage] Error: Channel error: cannot send/recv


###!!! [Parent][MessageChannel] Error: (msgtype=0x2C0085,name=PBrowser::Msg_Destroy) Channel error: cannot send/recv

1496582056368	geckodriver	INFO	Listening on 127.0.0.1:40647
1496582057618	geckodriver::marionette	INFO	Starting browser /usr/lib/firefox/firefox.sh with args ["-marionette"]

(firefox:4250): GLib-GObject-CRITICAL **: g_object_ref: assertion 'object->ref_count > 0' failed

(firefox:4250): GLib-GObject-CRITICAL **: g_object_unref: assertion 'object->ref_count > 0' failed

(firefox:4250): GLib-GObject-CRITICAL **: g_object_ref: assertion 'object->ref_count > 0' failed

(firefox:4250): GLib-GObject-CRITICAL **: g_object_unref: assertion 'object->ref_count > 0' failed

(/usr/lib/firefox/firefox:4297): GLib-GObject-CRITICAL **: g_object_ref: assertion 'object->ref_count > 0' failed

(/usr/lib/firefox/firefox:4297): GLib-GObject-CRITICAL **: g_object_unref: assertion 'object->ref_count > 0' failed

(/usr/lib/firefox/firefox:4297): GLib-GObject-CRITICAL **: g_object_ref: assertion 'object->ref_count > 0' failed

(/usr/lib/firefox/firefox:4297): GLib-GObject-CRITICAL **: g_object_unref: assertion 'object->ref_count > 0' failed
1496582077302	Marionette	INFO	Listening on port 51583
1496582078070	Marionette	WARN	TLS certificate errors will be ignored for this session

###!!! [Parent][MessageChannel] Error: (msgtype=0xF00001,name=PVsync::Msg_Notify) Channel error: cannot send/recv


###!!! [Parent][RunMessage] Error: Channel error: cannot send/recv


###!!! [Parent][RunMessage] Error: Channel error: cannot send/recv


###!!! [Parent][MessageChannel] Error: (msgtype=0x44001B,name=PContent::Msg_PreferenceUpdate) Channel error: cannot send/recv


###!!! [Parent][MessageChannel] Error: (msgtype=0x44001B,name=PContent::Msg_PreferenceUpdate) Channel error: cannot send/recv


###!!! [Parent][MessageChannel] Error: (msgtype=0x44001B,name=PContent::Msg_PreferenceUpdate) Channel error: cannot send/recv


###!!! [Parent][MessageChannel] Error: (msgtype=0x44001B,name=PContent::Msg_PreferenceUpdate) Channel error: cannot send/recv


###!!! [Parent][MessageChannel] Error: (msgtype=0x44001B,name=PContent::Msg_PreferenceUpdate) Channel error: cannot send/recv


###!!! [Parent][RunMessage] Error: Channel error: cannot send/recv


###!!! [Parent][RunMessage] Error: Channel error: cannot send/recv


###!!! [Parent][RunMessage] Error: Channel error: cannot send/recv


###!!! [Parent][RunMessage] Error: Channel error: cannot send/recv


###!!! [Parent][RunMessage] Error: Channel error: cannot send/recv


###!!! [Parent][RunMessage] Error: Channel error: cannot send/recv


###!!! [Parent][RunMessage] Error: Channel error: cannot send/recv


###!!! [Parent][RunMessage] Error: Channel error: cannot send/recv


###!!! [Parent][RunMessage] Error: Channel error: cannot send/recv


###!!! [Parent][RunMessage] Error: Channel error: cannot send/recv


###!!! [Parent][MessageChannel] Error: (msgtype=0x2C0085,name=PBrowser::Msg_Destroy) Channel error: cannot send/recv

*************************
A coding exception was thrown and uncaught in a Task.

Full message: TypeError: NetworkError when attempting to fetch resource.
Full stack: 
*************************
*************************
A coding exception was thrown and uncaught in a Task.

Full message: TypeError: NetworkError when attempting to fetch resource.
Full stack: 
*************************
1496582546435	geckodriver	INFO	Listening on 127.0.0.1:45662
1496582546923	geckodriver::marionette	INFO	Starting browser /usr/lib/firefox/firefox.sh with args ["-marionette"]

(firefox:4381): GLib-GObject-CRITICAL **: g_object_ref: assertion 'object->ref_count > 0' failed

(firefox:4381): GLib-GObject-CRITICAL **: g_object_unref: assertion 'object->ref_count > 0' failed

(firefox:4381): GLib-GObject-CRITICAL **: g_object_ref: assertion 'object->ref_count > 0' failed

(firefox:4381): GLib-GObject-CRITICAL **: g_object_unref: assertion 'object->ref_count > 0' failed

###!!! [Parent][MessageChannel] Error: (msgtype=0x2C0085,name=PBrowser::Msg_Destroy) Channel error: cannot send/recv

*************************
A coding exception was thrown and uncaught in a Task.

Full message: TypeError: NetworkError when attempting to fetch resource.
Full stack: 
*************************
1496582614781	Marionette	INFO	Listening on port 56815
1496582617429	Marionette	WARN	TLS certificate errors will be ignored for this session

(/usr/lib/firefox/firefox:4438): GLib-GObject-CRITICAL **: g_object_ref: assertion 'object->ref_count > 0' failed

(/usr/lib/firefox/firefox:4438): GLib-GObject-CRITICAL **: g_object_unref: assertion 'object->ref_count > 0' failed

(/usr/lib/firefox/firefox:4438): GLib-GObject-CRITICAL **: g_object_ref: assertion 'object->ref_count > 0' failed

(/usr/lib/firefox/firefox:4438): GLib-GObject-CRITICAL **: g_object_unref: assertion 'object->ref_count > 0' failed
1496582871669	geckodriver	INFO	Listening on 127.0.0.1:36827
1496582873002	geckodriver::marionette	INFO	Starting browser /usr/lib/firefox/firefox.sh with args ["-marionette"]

(firefox:4668): GLib-GObject-CRITICAL **: g_object_ref: assertion 'object->ref_count > 0' failed

(firefox:4668): GLib-GObject-CRITICAL **: g_object_unref: assertion 'object->ref_count > 0' failed

(firefox:4668): GLib-GObject-CRITICAL **: g_object_ref: assertion 'object->ref_count > 0' failed

(firefox:4668): GLib-GObject-CRITICAL **: g_object_unref: assertion 'object->ref_count > 0' failed
1496582916031	Marionette	INFO	Listening on port 44764
1496582922076	Marionette	WARN	TLS certificate errors will be ignored for this session
[Parent 4668] WARNING: pipe error (47): Connection reset by peer: file /build/firefox-EX_27g/firefox-53.0.3+build1/ipc/chromium/src/chrome/common/ipc_channel_posix.cc, line 346
[Parent 4668] WARNING: pipe error (45): Connection reset by peer: file /build/firefox-EX_27g/firefox-53.0.3+build1/ipc/chromium/src/chrome/common/ipc_channel_posix.cc, line 346
[Parent 4668] WARNING: pipe error (48): Connection reset by peer: file /build/firefox-EX_27g/firefox-53.0.3+build1/ipc/chromium/src/chrome/common/ipc_channel_posix.cc, line 346
[Parent 4668] WARNING: pipe error (46): Connection reset by peer: file /build/firefox-EX_27g/firefox-53.0.3+build1/ipc/chromium/src/chrome/common/ipc_channel_posix.cc, line 346
[Parent 4668] WARNING: pipe error (44): Connection reset by peer: file /build/firefox-EX_27g/firefox-53.0.3+build1/ipc/chromium/src/chrome/common/ipc_channel_posix.cc, line 346

###!!! [Parent][MessageChannel] Error: (msgtype=0x44001D,name=PContent::Msg_DataStoragePut) Channel error: cannot send/recv


###!!! [Parent][MessageChannel] Error: (msgtype=0x2C0085,name=PBrowser::Msg_Destroy) Channel error: cannot send/recv

[Parent 4668] WARNING: pipe error (66): Connection reset by peer: file /build/firefox-EX_27g/firefox-53.0.3+build1/ipc/chromium/src/chrome/common/ipc_channel_posix.cc, line 346
[Parent 4668] WARNING: pipe error (69): Connection reset by peer: file /build/firefox-EX_27g/firefox-53.0.3+build1/ipc/chromium/src/chrome/common/ipc_channel_posix.cc, line 346
[Parent 4668] WARNING: pipe error (67): Connection reset by peer: file /build/firefox-EX_27g/firefox-53.0.3+build1/ipc/chromium/src/chrome/common/ipc_channel_posix.cc, line 346
[Parent 4668] WARNING: pipe error (65): Connection reset by peer: file /build/firefox-EX_27g/firefox-53.0.3+build1/ipc/chromium/src/chrome/common/ipc_channel_posix.cc, line 346

###!!! [Parent][RunMessage] Error: Channel error: cannot send/recv


###!!! [Parent][MessageChannel] Error: (msgtype=0x2C0085,name=PBrowser::Msg_Destroy) Channel error: cannot send/recv

1496583006631	geckodriver	INFO	Listening on 127.0.0.1:34699
1496583007721	geckodriver::marionette	INFO	Starting browser /usr/lib/firefox/firefox.sh with args ["-marionette"]
Error: GDK_BACKEND does not match available displays
*************************
A coding exception was thrown and uncaught in a Task.

Full message: TypeError: NetworkError when attempting to fetch resource.
Full stack: 
*************************
1496583079403	geckodriver	INFO	Listening on 127.0.0.1:54584
1496583080484	geckodriver::marionette	INFO	Starting browser /usr/lib/firefox/firefox.sh with args ["-marionette"]

(firefox:4806): GLib-GObject-CRITICAL **: g_object_ref: assertion 'object->ref_count > 0' failed

(firefox:4806): GLib-GObject-CRITICAL **: g_object_unref: assertion 'object->ref_count > 0' failed

(firefox:4806): GLib-GObject-CRITICAL **: g_object_ref: assertion 'object->ref_count > 0' failed

(firefox:4806): GLib-GObject-CRITICAL **: g_object_unref: assertion 'object->ref_count > 0' failed

###!!! [Parent][MessageChannel] Error: (msgtype=0x2C0085,name=PBrowser::Msg_Destroy) Channel error: cannot send/recv

1496583108237	Marionette	INFO	Listening on port 53021
1496583112346	Marionette	WARN	TLS certificate errors will be ignored for this session

(/usr/lib/firefox/firefox:4859): GLib-GObject-CRITICAL **: g_object_ref: assertion 'object->ref_count > 0' failed

(/usr/lib/firefox/firefox:4859): GLib-GObject-CRITICAL **: g_object_unref: assertion 'object->ref_count > 0' failed

(/usr/lib/firefox/firefox:4859): GLib-GObject-CRITICAL **: g_object_ref: assertion 'object->ref_count > 0' failed

(/usr/lib/firefox/firefox:4859): GLib-GObject-CRITICAL **: g_object_unref: assertion 'object->ref_count > 0' failed
1496583174706	addons.productaddons	WARN	Failed downloading XML, status: 0, reason: timeout

###!!! [Parent][MessageChannel] Error: (msgtype=0x2C0085,name=PBrowser::Msg_Destroy) Channel error: cannot send/recv

*************************
A coding exception was thrown and uncaught in a Task.

Full message: TypeError: NetworkError when attempting to fetch resource.
Full stack: 
*************************
