2017-06-18 06:14:25,303 - govspider.py:56 - info - spider init is finished!
2017-06-18 06:14:25,327 - govspider.py:79 - info - start crawl http://www.ndrc.gov.cn!
2017-06-18 06:14:30,077 - govspider.py:152 - info - crawled url: http://www.ndrc.gov.cn
2017-06-18 06:14:30,342 - govspider.py:173 - info - exceptions happended 'NoneType' object is not iterable
2017-06-18 06:14:30,346 - govspider.py:139 - info - self mongo db closed
2017-06-18 06:15:35,444 - govspider.py:56 - info - spider init is finished!
2017-06-18 06:15:35,450 - govspider.py:79 - info - start crawl http://www.ndrc.gov.cn!
2017-06-18 06:15:37,916 - govspider.py:152 - info - crawled url: http://www.ndrc.gov.cn
2017-06-18 06:15:38,188 - govspider.py:173 - info - exceptions happended 'NoneType' object is not iterable
2017-06-18 06:15:38,197 - govspider.py:139 - info - self mongo db closed
2017-06-18 06:16:33,938 - govspider.py:56 - info - spider init is finished!
2017-06-18 06:16:33,944 - govspider.py:79 - info - start crawl http://www.ndrc.gov.cn!
2017-06-18 06:16:36,160 - govspider.py:149 - info - crawled url: http://www.ndrc.gov.cn
2017-06-18 06:16:38,394 - govspider.py:149 - info - crawled url: http://www.ndrc.gov.cn/
2017-06-18 06:16:40,061 - govspider.py:149 - info - crawled url: http://www.ndrc.gov.cn/jsfb/wmh/index.html
2017-06-18 06:16:50,707 - govspider.py:149 - info - crawled url: http://www.ndrc.gov.cn/fgwyd/android/fgw.apk
2017-06-18 06:16:52,026 - govspider.py:149 - info - crawled url: http://www.ndrc.gov.cn/jsfb/wzdt/
2017-06-18 06:16:53,419 - govspider.py:149 - info - crawled url: http://www.ndrc.gov.cn/jsfb/wmh/
2017-06-18 06:16:54,816 - govspider.py:149 - info - crawled url: http://www.ndrc.gov.cn/lxwm/
2017-06-18 06:16:56,193 - govspider.py:149 - info - crawled url: http://www.ndrc.gov.cn/jsfb/rss/
2017-06-18 06:16:57,119 - govspider.py:149 - info - crawled url: http://www.ndrc.gov.cn/xwzx/xwfb/rss.xml
2017-06-18 06:17:30,928 - govspider.py:149 - info - crawled url: http://www.ndrc.gov.cn/xwzx/xwfb/201706/t20170616_851049.html
2017-06-18 06:17:31,889 - govspider.py:149 - info - crawled url: http://www.ndrc.gov.cn/jsWord/fsyjsgjc/201506/t20150608_695295.html
2017-06-18 06:17:32,955 - govspider.py:149 - info - crawled url: http://www.ndrc.gov.cn/jsWord/fsyjsgjc/201607/t20160713_815284.html
2017-06-18 06:17:34,154 - govspider.py:149 - info - crawled url: http://www.ndrc.gov.cn/jsWord/fsyjsgjc/201412/t20141208_651337.html
2017-06-18 06:17:35,722 - govspider.py:149 - info - crawled url: http://www.ndrc.gov.cn/zcfb/zcfbtz/201706/t20170602_849811.html
2017-06-18 06:17:36,602 - govspider.py:149 - info - crawled url: http://www.ndrc.gov.cn/zcfb/lxwm/
2017-06-18 06:17:38,321 - govspider.py:149 - info - crawled url: http://www.ndrc.gov.cn/fgwSearch/articleAnalysis.jsp
2017-06-18 06:17:39,872 - govspider.py:149 - info - crawled url: http://www.ndrc.gov.cn/fgwSearch/columnAnalysis.jsp
2017-06-18 06:17:40,945 - govspider.py:149 - info - crawled url: http://www.ndrc.gov.cn/zcfb/
2017-06-18 06:17:41,761 - govspider.py:149 - info - crawled url: http://www.ndrc.gov.cn/gfxwj/
2017-06-18 06:17:42,498 - govspider.py:149 - info - crawled url: http://www.ndrc.gov.cn/zcfbgg/
2017-06-18 06:17:43,198 - govspider.py:149 - info - crawled url: http://www.ndrc.gov.cn/zcfbghwb/
2017-06-18 06:17:44,047 - govspider.py:149 - info - crawled url: http://www.ndrc.gov.cn/zcfbtz/
2017-06-18 06:17:44,946 - govspider.py:149 - info - crawled url: http://www.ndrc.gov.cn/jd/
2017-06-18 06:17:46,202 - govspider.py:149 - info - crawled url: http://www.ndrc.gov.cn/zcfbqt/
2017-06-18 06:17:46,967 - govspider.py:149 - info - crawled url: http://www.ndrc.gov.cn/zcfb/201706/t20170612_850504.html
2017-06-18 06:17:47,845 - govspider.py:149 - info - crawled url: http://www.ndrc.gov.cn/zcfb/201703/t20170322_841714.html
2017-06-18 06:17:48,613 - govspider.py:149 - info - crawled url: http://www.ndrc.gov.cn/zcfb/201702/t20170217_838180.html
2017-06-18 06:17:49,345 - govspider.py:149 - info - crawled url: http://www.ndrc.gov.cn/zcfb/201612/t20161208_829543.html
2017-06-18 06:17:50,131 - govspider.py:149 - info - crawled url: http://www.ndrc.gov.cn/zcfb/201612/t20161202_829032.html
2017-06-18 06:17:50,969 - govspider.py:149 - info - crawled url: http://www.ndrc.gov.cn/zcfb/201611/t20161124_827581.html
2017-06-18 06:17:51,724 - govspider.py:149 - info - crawled url: http://www.ndrc.gov.cn/zcfb/201610/t20161009_822035.html
2017-06-18 06:17:52,532 - govspider.py:149 - info - crawled url: http://www.ndrc.gov.cn/zcfb/201609/t20160921_819069.html
2017-06-18 06:17:53,247 - govspider.py:149 - info - crawled url: http://www.ndrc.gov.cn/zcfb/201607/t20160720_811680.html
2017-06-18 06:17:54,064 - govspider.py:149 - info - crawled url: http://www.ndrc.gov.cn/zcfb/201606/t20160630_809701.html
2017-06-18 06:17:54,763 - govspider.py:149 - info - crawled url: http://www.ndrc.gov.cn/zcfb/201605/t20160519_802228.html
2017-06-18 06:17:55,511 - govspider.py:149 - info - crawled url: http://www.ndrc.gov.cn/zcfb/201604/t20160422_798759.html
2017-06-18 06:17:56,323 - govspider.py:149 - info - crawled url: http://www.ndrc.gov.cn/zcfb/201604/t20160405_797464.html
2017-06-18 06:17:57,095 - govspider.py:149 - info - crawled url: http://www.ndrc.gov.cn/zcfb/201603/t20160324_795963.html
2017-06-18 06:17:57,953 - govspider.py:149 - info - crawled url: http://www.ndrc.gov.cn/zcfb/201603/t20160308_792230.html
2017-06-18 06:17:58,948 - govspider.py:149 - info - crawled url: http://www.ndrc.gov.cn/zcfb/201601/t20160120_771909.html
2017-06-18 06:17:59,730 - govspider.py:149 - info - crawled url: http://www.ndrc.gov.cn/zcfb/201601/t20160114_771354.html
2017-06-18 06:18:00,580 - govspider.py:149 - info - crawled url: http://www.ndrc.gov.cn/zcfb/201601/t20160113_771254.html
2017-06-18 06:18:01,313 - govspider.py:149 - info - crawled url: http://www.ndrc.gov.cn/zcfb/201510/t20151020_755152.html
2017-06-18 06:18:02,131 - govspider.py:149 - info - crawled url: http://www.ndrc.gov.cn/zcfb/201509/t20150914_750844.html
2017-06-18 06:18:02,966 - govspider.py:149 - info - crawled url: http://www.ndrc.gov.cn/zcfb/index_1.html
2017-06-18 06:18:03,804 - govspider.py:149 - info - crawled url: http://www.ndrc.gov.cn/zcfb/index_2.html
2017-06-18 06:18:04,561 - govspider.py:149 - info - crawled url: http://www.ndrc.gov.cn/zcfb/index_7.html
2017-06-18 06:18:05,779 - govspider.py:149 - info - crawled url: http://www.ndrc.gov.cn/../lxwm/
2017-06-18 06:18:06,957 - govspider.py:149 - info - crawled url: http://www.ndrc.gov.cn/../../lxwm/
2017-06-18 06:18:08,006 - govspider.py:149 - info - crawled url: http://www.ndrc.gov.cn/../../../lxwm/
2017-06-18 06:18:09,039 - govspider.py:149 - info - crawled url: http://www.ndrc.gov.cn/../../../../lxwm/
2017-06-18 06:18:10,039 - govspider.py:149 - info - crawled url: http://www.ndrc.gov.cn/../../../../../lxwm/
2017-06-18 06:18:11,005 - govspider.py:149 - info - crawled url: http://www.ndrc.gov.cn/../../../../../../lxwm/
2017-06-18 06:18:12,062 - govspider.py:149 - info - crawled url: http://www.ndrc.gov.cn/../../../../../../../lxwm/
2017-06-18 06:18:12,997 - govspider.py:149 - info - crawled url: http://www.ndrc.gov.cn/../../../../../../../../lxwm/
2017-06-18 06:18:14,259 - govspider.py:149 - info - crawled url: http://www.ndrc.gov.cn/../../../../../../../../../lxwm/
2017-06-18 06:18:15,238 - govspider.py:149 - info - crawled url: http://www.ndrc.gov.cn/../../../../../../../../../../lxwm/
2017-06-18 06:18:16,379 - govspider.py:149 - info - crawled url: http://www.ndrc.gov.cn/../../../../../../../../../../../lxwm/
2017-06-18 06:18:17,672 - govspider.py:149 - info - crawled url: http://www.ndrc.gov.cn/../../../../../../../../../../../../lxwm/
2017-06-18 06:18:18,786 - govspider.py:149 - info - crawled url: http://www.ndrc.gov.cn/../../../../../../../../../../../../../lxwm/
2017-06-18 06:18:19,999 - govspider.py:149 - info - crawled url: http://www.ndrc.gov.cn/../../../../../../../../../../../../../../lxwm/
2017-06-18 06:18:21,072 - govspider.py:149 - info - crawled url: http://www.ndrc.gov.cn/../../../../../../../../../../../../../../../lxwm/
2017-06-18 06:18:22,011 - govspider.py:149 - info - crawled url: http://www.ndrc.gov.cn/../../../../../../../../../../../../../../../../lxwm/
2017-06-18 06:18:23,136 - govspider.py:149 - info - crawled url: http://www.ndrc.gov.cn/../../../../../../../../../../../../../../../../../lxwm/
2017-06-18 06:18:24,087 - govspider.py:149 - info - crawled url: http://www.ndrc.gov.cn/../../../../../../../../../../../../../../../../../../lxwm/
2017-06-18 06:18:25,215 - govspider.py:149 - info - crawled url: http://www.ndrc.gov.cn/../../../../../../../../../../../../../../../../../../../lxwm/
2017-06-18 06:18:26,238 - govspider.py:149 - info - crawled url: http://www.ndrc.gov.cn/../../../../../../../../../../../../../../../../../../../../lxwm/
2017-06-18 06:18:27,430 - govspider.py:149 - info - crawled url: http://www.ndrc.gov.cn/../../../../../../../../../../../../../../../../../../../../../lxwm/
2017-06-18 06:18:29,036 - govspider.py:149 - info - crawled url: http://www.ndrc.gov.cn/../../../../../../../../../../../../../../../../../../../../../../lxwm/
2017-06-18 06:18:29,957 - govspider.py:149 - info - crawled url: http://www.ndrc.gov.cn/../../../../../../../../../../../../../../../../../../../../../../../lxwm/
2017-06-18 06:18:30,981 - govspider.py:149 - info - crawled url: http://www.ndrc.gov.cn/../../../../../../../../../../../../../../../../../../../../../../../../lxwm/
2017-06-18 06:18:31,894 - govspider.py:149 - info - crawled url: http://www.ndrc.gov.cn/../../../../../../../../../../../../../../../../../../../../../../../../../lxwm/
2017-06-18 06:18:32,841 - govspider.py:149 - info - crawled url: http://www.ndrc.gov.cn/../../../../../../../../../../../../../../../../../../../../../../../../../../lxwm/
2017-06-18 06:18:33,828 - govspider.py:149 - info - crawled url: http://www.ndrc.gov.cn/../../../../../../../../../../../../../../../../../../../../../../../../../../../lxwm/
2017-06-18 06:18:34,789 - govspider.py:149 - info - crawled url: http://www.ndrc.gov.cn/../../../../../../../../../../../../../../../../../../../../../../../../../../../../lxwm/
2017-06-18 06:18:35,937 - govspider.py:149 - info - crawled url: http://www.ndrc.gov.cn/../../../../../../../../../../../../../../../../../../../../../../../../../../../../../lxwm/
2017-06-18 06:18:36,902 - govspider.py:149 - info - crawled url: http://www.ndrc.gov.cn/../../../../../../../../../../../../../../../../../../../../../../../../../../../../../../lxwm/
2017-06-18 06:18:37,981 - govspider.py:149 - info - crawled url: http://www.ndrc.gov.cn/../../../../../../../../../../../../../../../../../../../../../../../../../../../../../../../lxwm/
2017-06-18 06:18:39,181 - govspider.py:149 - info - crawled url: http://www.ndrc.gov.cn/../../../../../../../../../../../../../../../../../../../../../../../../../../../../../../../../lxwm/
2017-06-18 06:18:40,121 - govspider.py:149 - info - crawled url: http://www.ndrc.gov.cn/../../../../../../../../../../../../../../../../../../../../../../../../../../../../../../../../../lxwm/
2017-06-18 06:18:41,218 - govspider.py:149 - info - crawled url: http://www.ndrc.gov.cn/../../../../../../../../../../../../../../../../../../../../../../../../../../../../../../../../../../lxwm/
2017-06-18 06:18:42,279 - govspider.py:149 - info - crawled url: http://www.ndrc.gov.cn/../../../../../../../../../../../../../../../../../../../../../../../../../../../../../../../../../../../lxwm/
2017-06-18 06:18:43,345 - govspider.py:149 - info - crawled url: http://www.ndrc.gov.cn/../../../../../../../../../../../../../../../../../../../../../../../../../../../../../../../../../../../../lxwm/
2017-06-18 06:18:44,310 - govspider.py:149 - info - crawled url: http://www.ndrc.gov.cn/../../../../../../../../../../../../../../../../../../../../../../../../../../../../../../../../../../../../../lxwm/
2017-06-18 06:18:45,633 - govspider.py:149 - info - crawled url: http://www.ndrc.gov.cn/../../../../../../../../../../../../../../../../../../../../../../../../../../../../../../../../../../../../../../lxwm/
2017-06-18 06:18:46,656 - govspider.py:149 - info - crawled url: http://www.ndrc.gov.cn/../../../../../../../../../../../../../../../../../../../../../../../../../../../../../../../../../../../../../../../lxwm/
2017-06-18 06:18:47,784 - govspider.py:149 - info - crawled url: http://www.ndrc.gov.cn/../../../../../../../../../../../../../../../../../../../../../../../../../../../../../../../../../../../../../../../../lxwm/
2017-06-18 06:18:48,743 - govspider.py:149 - info - crawled url: http://www.ndrc.gov.cn/../../../../../../../../../../../../../../../../../../../../../../../../../../../../../../../../../../../../../../../../../lxwm/
2017-06-18 06:18:49,811 - govspider.py:149 - info - crawled url: http://www.ndrc.gov.cn/../../../../../../../../../../../../../../../../../../../../../../../../../../../../../../../../../../../../../../../../../../lxwm/
2017-06-18 06:18:50,854 - govspider.py:149 - info - crawled url: http://www.ndrc.gov.cn/../../../../../../../../../../../../../../../../../../../../../../../../../../../../../../../../../../../../../../../../../../../lxwm/
2017-06-18 06:18:51,943 - govspider.py:149 - info - crawled url: http://www.ndrc.gov.cn/../../../../../../../../../../../../../../../../../../../../../../../../../../../../../../../../../../../../../../../../../../../../lxwm/
2017-06-18 06:18:52,912 - govspider.py:149 - info - crawled url: http://www.ndrc.gov.cn/../../../../../../../../../../../../../../../../../../../../../../../../../../../../../../../../../../../../../../../../../../../../../lxwm/
2017-06-18 06:18:53,872 - govspider.py:149 - info - crawled url: http://www.ndrc.gov.cn/../../../../../../../../../../../../../../../../../../../../../../../../../../../../../../../../../../../../../../../../../../../../../../lxwm/
2017-06-18 06:18:55,069 - govspider.py:149 - info - crawled url: http://www.ndrc.gov.cn/../../../../../../../../../../../../../../../../../../../../../../../../../../../../../../../../../../../../../../../../../../../../../../../lxwm/
2017-06-18 06:18:56,039 - govspider.py:149 - info - crawled url: http://www.ndrc.gov.cn/../../../../../../../../../../../../../../../../../../../../../../../../../../../../../../../../../../../../../../../../../../../../../../../../lxwm/
2017-06-18 06:18:56,971 - govspider.py:149 - info - crawled url: http://www.ndrc.gov.cn/../../../../../../../../../../../../../../../../../../../../../../../../../../../../../../../../../../../../../../../../../../../../../../../../../lxwm/
2017-06-18 06:18:58,249 - govspider.py:149 - info - crawled url: http://www.ndrc.gov.cn/../../../../../../../../../../../../../../../../../../../../../../../../../../../../../../../../../../../../../../../../../../../../../../../../../../lxwm/
2017-06-18 06:18:59,359 - govspider.py:149 - info - crawled url: http://www.ndrc.gov.cn/../../../../../../../../../../../../../../../../../../../../../../../../../../../../../../../../../../../../../../../../../../../../../../../../../../../lxwm/
2017-06-18 06:19:00,403 - govspider.py:149 - info - crawled url: http://www.ndrc.gov.cn/../../../../../../../../../../../../../../../../../../../../../../../../../../../../../../../../../../../../../../../../../../../../../../../../../../../../lxwm/
2017-06-18 06:19:01,394 - govspider.py:149 - info - crawled url: http://www.ndrc.gov.cn/../../../../../../../../../../../../../../../../../../../../../../../../../../../../../../../../../../../../../../../../../../../../../../../../../../../../../lxwm/
2017-06-18 06:19:02,348 - govspider.py:149 - info - crawled url: http://www.ndrc.gov.cn/../../../../../../../../../../../../../../../../../../../../../../../../../../../../../../../../../../../../../../../../../../../../../../../../../../../../../../lxwm/
2017-06-18 06:19:03,431 - govspider.py:149 - info - crawled url: http://www.ndrc.gov.cn/../../../../../../../../../../../../../../../../../../../../../../../../../../../../../../../../../../../../../../../../../../../../../../../../../../../../../../../lxwm/
2017-06-18 06:19:04,337 - govspider.py:149 - info - crawled url: http://www.ndrc.gov.cn/../../../../../../../../../../../../../../../../../../../../../../../../../../../../../../../../../../../../../../../../../../../../../../../../../../../../../../../../lxwm/
2017-06-18 06:19:05,365 - govspider.py:149 - info - crawled url: http://www.ndrc.gov.cn/../../../../../../../../../../../../../../../../../../../../../../../../../../../../../../../../../../../../../../../../../../../../../../../../../../../../../../../../../lxwm/
2017-06-18 06:19:06,588 - govspider.py:149 - info - crawled url: http://www.ndrc.gov.cn/../../../../../../../../../../../../../../../../../../../../../../../../../../../../../../../../../../../../../../../../../../../../../../../../../../../../../../../../../../lxwm/
2017-06-18 06:19:07,580 - govspider.py:149 - info - crawled url: http://www.ndrc.gov.cn/../../../../../../../../../../../../../../../../../../../../../../../../../../../../../../../../../../../../../../../../../../../../../../../../../../../../../../../../../../../lxwm/
2017-06-18 06:19:08,472 - govspider.py:149 - info - crawled url: http://www.ndrc.gov.cn/../../../../../../../../../../../../../../../../../../../../../../../../../../../../../../../../../../../../../../../../../../../../../../../../../../../../../../../../../../../../lxwm/
2017-06-18 06:19:09,571 - govspider.py:149 - info - crawled url: http://www.ndrc.gov.cn/../../../../../../../../../../../../../../../../../../../../../../../../../../../../../../../../../../../../../../../../../../../../../../../../../../../../../../../../../../../../../lxwm/
2017-06-18 06:19:10,671 - govspider.py:149 - info - crawled url: http://www.ndrc.gov.cn/../../../../../../../../../../../../../../../../../../../../../../../../../../../../../../../../../../../../../../../../../../../../../../../../../../../../../../../../../../../../../../lxwm/
2017-06-18 06:19:11,845 - govspider.py:149 - info - crawled url: http://www.ndrc.gov.cn/../../../../../../../../../../../../../../../../../../../../../../../../../../../../../../../../../../../../../../../../../../../../../../../../../../../../../../../../../../../../../../../lxwm/
2017-06-18 06:19:12,915 - govspider.py:149 - info - crawled url: http://www.ndrc.gov.cn/../../../../../../../../../../../../../../../../../../../../../../../../../../../../../../../../../../../../../../../../../../../../../../../../../../../../../../../../../../../../../../../../lxwm/
2017-06-18 06:19:14,192 - govspider.py:149 - info - crawled url: http://www.ndrc.gov.cn/../../../../../../../../../../../../../../../../../../../../../../../../../../../../../../../../../../../../../../../../../../../../../../../../../../../../../../../../../../../../../../../../../lxwm/
2017-06-18 06:19:15,443 - govspider.py:149 - info - crawled url: http://www.ndrc.gov.cn/../../../../../../../../../../../../../../../../../../../../../../../../../../../../../../../../../../../../../../../../../../../../../../../../../../../../../../../../../../../../../../../../../../lxwm/
2017-06-18 06:19:16,623 - govspider.py:149 - info - crawled url: http://www.ndrc.gov.cn/../../../../../../../../../../../../../../../../../../../../../../../../../../../../../../../../../../../../../../../../../../../../../../../../../../../../../../../../../../../../../../../../../../../lxwm/
2017-06-18 06:19:17,648 - govspider.py:149 - info - crawled url: http://www.ndrc.gov.cn/../../../../../../../../../../../../../../../../../../../../../../../../../../../../../../../../../../../../../../../../../../../../../../../../../../../../../../../../../../../../../../../../../../../../lxwm/
2017-06-18 06:19:18,595 - govspider.py:149 - info - crawled url: http://www.ndrc.gov.cn/../../../../../../../../../../../../../../../../../../../../../../../../../../../../../../../../../../../../../../../../../../../../../../../../../../../../../../../../../../../../../../../../../../../../../lxwm/
2017-06-18 06:19:19,505 - govspider.py:149 - info - crawled url: http://www.ndrc.gov.cn/../../../../../../../../../../../../../../../../../../../../../../../../../../../../../../../../../../../../../../../../../../../../../../../../../../../../../../../../../../../../../../../../../../../../../../lxwm/
2017-06-18 06:19:20,492 - govspider.py:149 - info - crawled url: http://www.ndrc.gov.cn/../../../../../../../../../../../../../../../../../../../../../../../../../../../../../../../../../../../../../../../../../../../../../../../../../../../../../../../../../../../../../../../../../../../../../../../lxwm/
2017-06-18 06:19:21,662 - govspider.py:149 - info - crawled url: http://www.ndrc.gov.cn/../../../../../../../../../../../../../../../../../../../../../../../../../../../../../../../../../../../../../../../../../../../../../../../../../../../../../../../../../../../../../../../../../../../../../../../../lxwm/
2017-06-18 06:19:22,713 - govspider.py:149 - info - crawled url: http://www.ndrc.gov.cn/../../../../../../../../../../../../../../../../../../../../../../../../../../../../../../../../../../../../../../../../../../../../../../../../../../../../../../../../../../../../../../../../../../../../../../../../../lxwm/
2017-06-18 06:19:23,767 - govspider.py:149 - info - crawled url: http://www.ndrc.gov.cn/../../../../../../../../../../../../../../../../../../../../../../../../../../../../../../../../../../../../../../../../../../../../../../../../../../../../../../../../../../../../../../../../../../../../../../../../../../lxwm/
2017-06-18 06:19:24,814 - govspider.py:149 - info - crawled url: http://www.ndrc.gov.cn/../../../../../../../../../../../../../../../../../../../../../../../../../../../../../../../../../../../../../../../../../../../../../../../../../../../../../../../../../../../../../../../../../../../../../../../../../../../lxwm/
2017-06-18 06:19:25,884 - govspider.py:149 - info - crawled url: http://www.ndrc.gov.cn/../../../../../../../../../../../../../../../../../../../../../../../../../../../../../../../../../../../../../../../../../../../../../../../../../../../../../../../../../../../../../../../../../../../../../../../../../../../../lxwm/
2017-06-18 06:19:26,965 - govspider.py:149 - info - crawled url: http://www.ndrc.gov.cn/../../../../../../../../../../../../../../../../../../../../../../../../../../../../../../../../../../../../../../../../../../../../../../../../../../../../../../../../../../../../../../../../../../../../../../../../../../../../../lxwm/
2017-06-18 06:19:27,874 - govspider.py:149 - info - crawled url: http://www.ndrc.gov.cn/../../../../../../../../../../../../../../../../../../../../../../../../../../../../../../../../../../../../../../../../../../../../../../../../../../../../../../../../../../../../../../../../../../../../../../../../../../../../../../lxwm/
2017-06-18 06:19:28,874 - govspider.py:149 - info - crawled url: http://www.ndrc.gov.cn/../../../../../../../../../../../../../../../../../../../../../../../../../../../../../../../../../../../../../../../../../../../../../../../../../../../../../../../../../../../../../../../../../../../../../../../../../../../../../../../lxwm/
2017-06-18 06:19:30,007 - govspider.py:149 - info - crawled url: http://www.ndrc.gov.cn/../../../../../../../../../../../../../../../../../../../../../../../../../../../../../../../../../../../../../../../../../../../../../../../../../../../../../../../../../../../../../../../../../../../../../../../../../../../../../../../../lxwm/
2017-06-18 06:19:31,120 - govspider.py:149 - info - crawled url: http://www.ndrc.gov.cn/../../../../../../../../../../../../../../../../../../../../../../../../../../../../../../../../../../../../../../../../../../../../../../../../../../../../../../../../../../../../../../../../../../../../../../../../../../../../../../../../../lxwm/
2017-06-18 06:19:32,144 - govspider.py:149 - info - crawled url: http://www.ndrc.gov.cn/../../../../../../../../../../../../../../../../../../../../../../../../../../../../../../../../../../../../../../../../../../../../../../../../../../../../../../../../../../../../../../../../../../../../../../../../../../../../../../../../../../lxwm/
2017-06-18 06:19:34,219 - govspider.py:149 - info - crawled url: http://www.ndrc.gov.cn/../../../../../../../../../../../../../../../../../../../../../../../../../../../../../../../../../../../../../../../../../../../../../../../../../../../../../../../../../../../../../../../../../../../../../../../../../../../../../../../../../../../lxwm/
2017-06-18 06:19:35,239 - govspider.py:149 - info - crawled url: http://www.ndrc.gov.cn/../../../../../../../../../../../../../../../../../../../../../../../../../../../../../../../../../../../../../../../../../../../../../../../../../../../../../../../../../../../../../../../../../../../../../../../../../../../../../../../../../../../../lxwm/
2017-06-18 06:19:36,203 - govspider.py:149 - info - crawled url: http://www.ndrc.gov.cn/../../../../../../../../../../../../../../../../../../../../../../../../../../../../../../../../../../../../../../../../../../../../../../../../../../../../../../../../../../../../../../../../../../../../../../../../../../../../../../../../../../../../../lxwm/
2017-06-18 06:19:37,278 - govspider.py:149 - info - crawled url: http://www.ndrc.gov.cn/../../../../../../../../../../../../../../../../../../../../../../../../../../../../../../../../../../../../../../../../../../../../../../../../../../../../../../../../../../../../../../../../../../../../../../../../../../../../../../../../../../../../../../lxwm/
2017-06-18 06:19:38,363 - govspider.py:149 - info - crawled url: http://www.ndrc.gov.cn/../../../../../../../../../../../../../../../../../../../../../../../../../../../../../../../../../../../../../../../../../../../../../../../../../../../../../../../../../../../../../../../../../../../../../../../../../../../../../../../../../../../../../../../lxwm/
2017-06-18 06:19:41,255 - govspider.py:149 - info - crawled url: http://www.ndrc.gov.cn/../../../../../../../../../../../../../../../../../../../../../../../../../../../../../../../../../../../../../../../../../../../../../../../../../../../../../../../../../../../../../../../../../../../../../../../../../../../../../../../../../../../../../../../../lxwm/
2017-06-18 06:19:42,381 - govspider.py:149 - info - crawled url: http://www.ndrc.gov.cn/../../../../../../../../../../../../../../../../../../../../../../../../../../../../../../../../../../../../../../../../../../../../../../../../../../../../../../../../../../../../../../../../../../../../../../../../../../../../../../../../../../../../../../../../../lxwm/
2017-06-18 06:19:43,606 - govspider.py:149 - info - crawled url: http://www.ndrc.gov.cn/../../../../../../../../../../../../../../../../../../../../../../../../../../../../../../../../../../../../../../../../../../../../../../../../../../../../../../../../../../../../../../../../../../../../../../../../../../../../../../../../../../../../../../../../../../lxwm/
2017-06-18 06:19:44,924 - govspider.py:149 - info - crawled url: http://www.ndrc.gov.cn/../../../../../../../../../../../../../../../../../../../../../../../../../../../../../../../../../../../../../../../../../../../../../../../../../../../../../../../../../../../../../../../../../../../../../../../../../../../../../../../../../../../../../../../../../../../lxwm/
2017-06-18 06:19:46,026 - govspider.py:149 - info - crawled url: http://www.ndrc.gov.cn/../../../../../../../../../../../../../../../../../../../../../../../../../../../../../../../../../../../../../../../../../../../../../../../../../../../../../../../../../../../../../../../../../../../../../../../../../../../../../../../../../../../../../../../../../../../../lxwm/
2017-06-18 06:19:46,958 - govspider.py:149 - info - crawled url: http://www.ndrc.gov.cn/../../../../../../../../../../../../../../../../../../../../../../../../../../../../../../../../../../../../../../../../../../../../../../../../../../../../../../../../../../../../../../../../../../../../../../../../../../../../../../../../../../../../../../../../../../../../../lxwm/
2017-06-18 06:19:47,921 - govspider.py:149 - info - crawled url: http://www.ndrc.gov.cn/../../../../../../../../../../../../../../../../../../../../../../../../../../../../../../../../../../../../../../../../../../../../../../../../../../../../../../../../../../../../../../../../../../../../../../../../../../../../../../../../../../../../../../../../../../../../../../lxwm/
2017-06-18 06:19:48,870 - govspider.py:149 - info - crawled url: http://www.ndrc.gov.cn/../../../../../../../../../../../../../../../../../../../../../../../../../../../../../../../../../../../../../../../../../../../../../../../../../../../../../../../../../../../../../../../../../../../../../../../../../../../../../../../../../../../../../../../../../../../../../../../lxwm/
2017-06-18 06:19:50,014 - govspider.py:149 - info - crawled url: http://www.ndrc.gov.cn/../../../../../../../../../../../../../../../../../../../../../../../../../../../../../../../../../../../../../../../../../../../../../../../../../../../../../../../../../../../../../../../../../../../../../../../../../../../../../../../../../../../../../../../../../../../../../../../../lxwm/
2017-06-18 06:19:51,024 - govspider.py:149 - info - crawled url: http://www.ndrc.gov.cn/../../../../../../../../../../../../../../../../../../../../../../../../../../../../../../../../../../../../../../../../../../../../../../../../../../../../../../../../../../../../../../../../../../../../../../../../../../../../../../../../../../../../../../../../../../../../../../../../../lxwm/
2017-06-18 06:19:51,954 - govspider.py:149 - info - crawled url: http://www.ndrc.gov.cn/../../../../../../../../../../../../../../../../../../../../../../../../../../../../../../../../../../../../../../../../../../../../../../../../../../../../../../../../../../../../../../../../../../../../../../../../../../../../../../../../../../../../../../../../../../../../../../../../../../lxwm/
2017-06-18 06:19:53,131 - govspider.py:149 - info - crawled url: http://www.ndrc.gov.cn/../../../../../../../../../../../../../../../../../../../../../../../../../../../../../../../../../../../../../../../../../../../../../../../../../../../../../../../../../../../../../../../../../../../../../../../../../../../../../../../../../../../../../../../../../../../../../../../../../../../lxwm/
2017-06-18 06:19:54,235 - govspider.py:149 - info - crawled url: http://www.ndrc.gov.cn/../../../../../../../../../../../../../../../../../../../../../../../../../../../../../../../../../../../../../../../../../../../../../../../../../../../../../../../../../../../../../../../../../../../../../../../../../../../../../../../../../../../../../../../../../../../../../../../../../../../../lxwm/
2017-06-18 06:19:55,739 - govspider.py:149 - info - crawled url: http://www.ndrc.gov.cn/../../../../../../../../../../../../../../../../../../../../../../../../../../../../../../../../../../../../../../../../../../../../../../../../../../../../../../../../../../../../../../../../../../../../../../../../../../../../../../../../../../../../../../../../../../../../../../../../../../../../../lxwm/
